#
# There is insufficient memory for the Java Runtime Environment to continue.
# Native memory allocation (mmap) failed to map 65536 bytes for Failed to commit metaspace.
# Possible reasons:
#   The system is out of physical RAM or swap space
#   The process is running with CompressedOops enabled, and the Java Heap may be blocking the growth of the native heap
# Possible solutions:
#   Reduce memory load on the system
#   Increase physical memory or swap space
#   Check if swap backing store is full
#   Decrease Java heap size (-Xmx/-Xms)
#   Decrease number of Java threads
#   Decrease Java thread stack sizes (-Xss)
#   Set larger code cache with -XX:ReservedCodeCacheSize=
#   JVM is running with Unscaled Compressed Oops mode in which the Java heap is
#     placed in the first 4GB address space. The Java Heap base address is the
#     maximum limit for the native heap growth. Please use -XX:HeapBaseMinAddress
#     to set the Java Heap base and to place the Java Heap above 4GB virtual address.
# This output file may be truncated or incomplete.
#
#  Out of Memory Error (virtualSpaceNode.cpp:108), pid=576, tid=19140
#
# JRE version: Java(TM) SE Runtime Environment (16.0.1+9) (build 16.0.1+9-24)
# Java VM: Java HotSpot(TM) 64-Bit Server VM (16.0.1+9-24, mixed mode, sharing, tiered, compressed oops, compressed class ptrs, g1 gc, windows-amd64)
# No core dump will be written. Minidumps are not enabled by default on client versions of Windows
#

---------------  S U M M A R Y ------------

Command Line: -Dclassworlds.conf=C:\Program Files\apache-maven-3.8.1-bin\apache-maven-3.8.1\bin\..\bin\m2.conf -Dmaven.home=C:\Program Files\apache-maven-3.8.1-bin\apache-maven-3.8.1\bin\.. -Dlibrary.jansi.path=C:\Program Files\apache-maven-3.8.1-bin\apache-maven-3.8.1\bin\..\lib\jansi-native -Dmaven.multiModuleProjectDirectory=C:\Users\Ramya\Downloads\ReskillProject-master\ReskillProject-master\ProductMS org.codehaus.plexus.classworlds.launcher.Launcher clean package sonar:sonar -Dsonar.host.url=https://sonarcloud.io -Dsonar.organization=ramyakovida -Dsonar.login=b31bfe597e87bcbb17949db5eca42fa5202ca168

Host: Intel(R) Core(TM) i5-7200U CPU @ 2.50GHz, 4 cores, 7G,  Windows 10 , 64 bit Build 19041 (10.0.19041.1023)
Time: Mon Jun 28 11:42:27 2021 India Standard Time elapsed time: 334.745637 seconds (0d 0h 5m 34s)

---------------  T H R E A D  ---------------

Current thread (0x0000012d36cfde60):  JavaThread "main" [_thread_in_vm, id=19140, stack(0x0000000828400000,0x0000000828500000)]

Stack: [0x0000000828400000,0x0000000828500000]
Native frames: (J=compiled Java code, j=interpreted, Vv=VM code, C=native code)
V  [jvm.dll+0x6687ca]
V  [jvm.dll+0x7ca3c9]
V  [jvm.dll+0x7cbb53]
V  [jvm.dll+0x7cc1b3]
V  [jvm.dll+0x242ea5]
V  [jvm.dll+0x7c6a4b]
V  [jvm.dll+0x60e436]
V  [jvm.dll+0x1be93e]
V  [jvm.dll+0x610b91]
V  [jvm.dll+0x60ed31]
V  [jvm.dll+0x362f4a]
V  [jvm.dll+0x1e113f]
V  [jvm.dll+0x536752]
V  [jvm.dll+0x743011]
V  [jvm.dll+0x40775f]
V  [jvm.dll+0x40da82]
C  [java.dll+0x17c8]

Java frames: (J=compiled Java code, j=interpreted, Vv=VM code)
J 799  java.lang.ClassLoader.defineClass1(Ljava/lang/ClassLoader;Ljava/lang/String;[BIILjava/security/ProtectionDomain;Ljava/lang/String;)Ljava/lang/Class; java.base@16.0.1 (0 bytes) @ 0x0000012d45f8ef0b [0x0000012d45f8ee40+0x00000000000000cb]
J 10429 c1 java.lang.ClassLoader.defineClass(Ljava/lang/String;[BIILjava/security/ProtectionDomain;)Ljava/lang/Class; java.base@16.0.1 (43 bytes) @ 0x0000012d3fd346d4 [0x0000012d3fd34380+0x0000000000000354]
J 9127 c2 java.security.SecureClassLoader.defineClass(Ljava/lang/String;[BIILjava/security/CodeSource;)Ljava/lang/Class; java.base@16.0.1 (16 bytes) @ 0x0000012d4626c974 [0x0000012d4626c840+0x0000000000000134]
J 8957 c2 java.net.URLClassLoader.findClass(Ljava/lang/String;)Ljava/lang/Class; java.base@16.0.1 (47 bytes) @ 0x0000012d46495694 [0x0000012d46493160+0x0000000000002534]
J 10185 c2 org.sonar.classloader.ClassRealm.loadClass(Ljava/lang/String;)Ljava/lang/Class; (7 bytes) @ 0x0000012d4652b1e8 [0x0000012d46529c60+0x0000000000001588]
v  ~StubRoutines::call_stub
j  org.sonarsource.analyzer.commons.xml.XmlParser.<init>(Lorg/sonarsource/analyzer/commons/xml/XmlFile;Z)V+64
j  org.sonarsource.analyzer.commons.xml.XmlFile.create(Lorg/sonar/api/batch/fs/InputFile;)Lorg/sonarsource/analyzer/commons/xml/XmlFile;+15
j  org.sonar.plugins.java.XmlFileSensor.scanFile(Lorg/sonar/api/batch/sensor/SensorContext;Lorg/sonar/api/batch/fs/InputFile;)V+1
j  org.sonar.plugins.java.XmlFileSensor.execute(Lorg/sonar/api/batch/sensor/SensorContext;)V+170
j  org.sonar.scanner.sensor.AbstractSensorWrapper.analyse()V+32
j  org.sonar.scanner.sensor.ModuleSensorsExecutor.execute(Ljava/util/Collection;)V+93
j  org.sonar.scanner.sensor.ModuleSensorsExecutor.lambda$execute$1(Ljava/util/Collection;)V+2
j  org.sonar.scanner.sensor.ModuleSensorsExecutor$$Lambda$1257+0x0000012d5575af08.run()V+8
j  org.sonar.scanner.sensor.ModuleSensorsExecutor.withModuleStrategy(Ljava/lang/Runnable;)V+17
j  org.sonar.scanner.sensor.ModuleSensorsExecutor.execute()V+63
j  org.sonar.scanner.scan.ModuleScanContainer.doAfterStart()V+9
j  org.sonar.core.platform.ComponentContainer.startComponents()Lorg/sonar/core/platform/ComponentContainer;+14
j  org.sonar.core.platform.ComponentContainer.execute()V+1
j  org.sonar.scanner.scan.ProjectScanContainer.scan(Lorg/sonar/api/batch/fs/internal/DefaultInputModule;)V+9
j  org.sonar.scanner.scan.ProjectScanContainer.scanRecursively(Lorg/sonar/scanner/fs/InputModuleHierarchy;Lorg/sonar/api/batch/fs/internal/DefaultInputModule;)V+62
j  org.sonar.scanner.scan.ProjectScanContainer.doAfterStart()V+235
j  org.sonar.core.platform.ComponentContainer.startComponents()Lorg/sonar/core/platform/ComponentContainer;+14
j  org.sonar.core.platform.ComponentContainer.execute()V+1
j  org.sonar.scanner.bootstrap.GlobalContainer.doAfterStart()V+107
j  org.sonar.core.platform.ComponentContainer.startComponents()Lorg/sonar/core/platform/ComponentContainer;+14
j  org.sonar.core.platform.ComponentContainer.execute()V+1
j  org.sonar.batch.bootstrapper.Batch.doExecute(Ljava/util/Map;Ljava/util/List;)Lorg/sonar/batch/bootstrapper/Batch;+9
j  org.sonar.batch.bootstrapper.Batch.execute()Lorg/sonar/batch/bootstrapper/Batch;+9
j  org.sonarsource.scanner.api.internal.batch.BatchIsolatedLauncher.execute(Ljava/util/Map;Lorg/sonarsource/scanner/api/internal/batch/LogOutput;)V+11
v  ~StubRoutines::call_stub
J 3441  jdk.internal.reflect.NativeMethodAccessorImpl.invoke0(Ljava/lang/reflect/Method;Ljava/lang/Object;[Ljava/lang/Object;)Ljava/lang/Object; java.base@16.0.1 (0 bytes) @ 0x0000012d4613544f [0x0000012d461353c0+0x000000000000008f]
J 3440 c1 jdk.internal.reflect.NativeMethodAccessorImpl.invoke(Ljava/lang/Object;[Ljava/lang/Object;)Ljava/lang/Object; java.base@16.0.1 (150 bytes) @ 0x0000012d3f0c637c [0x0000012d3f0c5740+0x0000000000000c3c]
J 2424 c1 jdk.internal.reflect.DelegatingMethodAccessorImpl.invoke(Ljava/lang/Object;[Ljava/lang/Object;)Ljava/lang/Object; java.base@16.0.1 (10 bytes) @ 0x0000012d3eee66cc [0x0000012d3eee65c0+0x000000000000010c]
J 3316 c1 java.lang.reflect.Method.invoke(Ljava/lang/Object;[Ljava/lang/Object;)Ljava/lang/Object; java.base@16.0.1 (65 bytes) @ 0x0000012d3f080d44 [0x0000012d3f080a00+0x0000000000000344]
j  org.sonarsource.scanner.api.internal.IsolatedLauncherProxy.invoke(Ljava/lang/Object;Ljava/lang/reflect/Method;[Ljava/lang/Object;)Ljava/lang/Object;+55
j  jdk.proxy5.$Proxy27.execute(Ljava/util/Map;Lorg/sonarsource/scanner/api/internal/batch/LogOutput;)V+20 jdk.proxy5
j  org.sonarsource.scanner.api.EmbeddedScanner.doExecute(Ljava/util/Map;)V+11
j  org.sonarsource.scanner.api.EmbeddedScanner.execute(Ljava/util/Map;)V+41
j  org.sonarsource.scanner.maven.bootstrap.ScannerBootstrapper.execute()V+58
j  org.sonarsource.scanner.maven.SonarQubeMojo.execute()V+191
j  org.apache.maven.plugin.DefaultBuildPluginManager.executeMojo(Lorg/apache/maven/execution/MavenSession;Lorg/apache/maven/plugin/MojoExecution;)V+152
j  org.apache.maven.lifecycle.internal.MojoExecutor.execute(Lorg/apache/maven/execution/MavenSession;Lorg/apache/maven/plugin/MojoExecution;Lorg/apache/maven/lifecycle/internal/ProjectIndex;Lorg/apache/maven/lifecycle/internal/DependencyContext;)V+215
j  org.apache.maven.lifecycle.internal.MojoExecutor.execute(Lorg/apache/maven/execution/MavenSession;Lorg/apache/maven/plugin/MojoExecution;Lorg/apache/maven/lifecycle/internal/ProjectIndex;Lorg/apache/maven/lifecycle/internal/DependencyContext;Lorg/apache/maven/lifecycle/internal/PhaseRecorder;)V+6
j  org.apache.maven.lifecycle.internal.MojoExecutor.execute(Lorg/apache/maven/execution/MavenSession;Ljava/util/List;Lorg/apache/maven/lifecycle/internal/ProjectIndex;)V+60
j  org.apache.maven.lifecycle.internal.LifecycleModuleBuilder.buildProject(Lorg/apache/maven/execution/MavenSession;Lorg/apache/maven/execution/MavenSession;Lorg/apache/maven/lifecycle/internal/ReactorContext;Lorg/apache/maven/project/MavenProject;Lorg/apache/maven/lifecycle/internal/TaskSegment;)V+179
j  org.apache.maven.lifecycle.internal.LifecycleModuleBuilder.buildProject(Lorg/apache/maven/execution/MavenSession;Lorg/apache/maven/lifecycle/internal/ReactorContext;Lorg/apache/maven/project/MavenProject;Lorg/apache/maven/lifecycle/internal/TaskSegment;)V+7
j  org.apache.maven.lifecycle.internal.builder.singlethreaded.SingleThreadedBuilder.build(Lorg/apache/maven/execution/MavenSession;Lorg/apache/maven/lifecycle/internal/ReactorContext;Lorg/apache/maven/lifecycle/internal/ProjectBuildList;Ljava/util/List;Lorg/apache/maven/lifecycle/internal/ReactorBuildStatus;)V+77
j  org.apache.maven.lifecycle.internal.LifecycleStarter.execute(Lorg/apache/maven/execution/MavenSession;)V+348
j  org.apache.maven.DefaultMaven.doExecute(Lorg/apache/maven/execution/MavenExecutionRequest;Lorg/apache/maven/execution/MavenSession;Lorg/apache/maven/execution/MavenExecutionResult;Lorg/eclipse/aether/DefaultRepositorySystemSession;)Lorg/apache/maven/execution/MavenExecutionResult;+425
j  org.apache.maven.DefaultMaven.doExecute(Lorg/apache/maven/execution/MavenExecutionRequest;)Lorg/apache/maven/execution/MavenExecutionResult;+98
j  org.apache.maven.DefaultMaven.execute(Lorg/apache/maven/execution/MavenExecutionRequest;)Lorg/apache/maven/execution/MavenExecutionResult;+2
j  org.apache.maven.cli.MavenCli.execute(Lorg/apache/maven/cli/CliRequest;)I+27
j  org.apache.maven.cli.MavenCli.doMain(Lorg/apache/maven/cli/CliRequest;)I+66
j  org.apache.maven.cli.MavenCli.main([Ljava/lang/String;Lorg/codehaus/plexus/classworlds/ClassWorld;)I+24
v  ~StubRoutines::call_stub
j  jdk.internal.reflect.NativeMethodAccessorImpl.invoke0(Ljava/lang/reflect/Method;Ljava/lang/Object;[Ljava/lang/Object;)Ljava/lang/Object;+0 java.base@16.0.1
j  jdk.internal.reflect.NativeMethodAccessorImpl.invoke(Ljava/lang/Object;[Ljava/lang/Object;)Ljava/lang/Object;+146 java.base@16.0.1
j  jdk.internal.reflect.DelegatingMethodAccessorImpl.invoke(Ljava/lang/Object;[Ljava/lang/Object;)Ljava/lang/Object;+6 java.base@16.0.1
j  java.lang.reflect.Method.invoke(Ljava/lang/Object;[Ljava/lang/Object;)Ljava/lang/Object;+59 java.base@16.0.1
j  org.codehaus.plexus.classworlds.launcher.Launcher.launchEnhanced([Ljava/lang/String;)V+45
j  org.codehaus.plexus.classworlds.launcher.Launcher.launch([Ljava/lang/String;)V+2
j  org.codehaus.plexus.classworlds.launcher.Launcher.mainWithExitCode([Ljava/lang/String;)I+101
j  org.codehaus.plexus.classworlds.launcher.Launcher.main([Ljava/lang/String;)V+1
v  ~StubRoutines::call_stub

---------------  P R O C E S S  ---------------

Threads class SMR info:
_java_thread_list=0x0000012da919a2f0, length=22, elements={
0x0000012d36cfde60, 0x0000012d9513d3e0, 0x0000012d9513e780, 0x0000012d9514e6d0,
0x0000012d9514f2d0, 0x0000012d95152480, 0x0000012d95158e00, 0x0000012d951597f0,
0x0000012d95186bc0, 0x0000012d951f4880, 0x0000012d95cb6d80, 0x0000012d95cbb5a0,
0x0000012d96372550, 0x0000012d96372ff0, 0x0000012d96373a90, 0x0000012d9779cb70,
0x0000012d9779d610, 0x0000012d9779db60, 0x0000012d9779bb80, 0x0000012d9779c620,
0x0000012d9779c0d0, 0x0000012d9a4475c0
}

Java Threads: ( => current thread )
=>0x0000012d36cfde60 JavaThread "main" [_thread_in_vm, id=19140, stack(0x0000000828400000,0x0000000828500000)]
  0x0000012d9513d3e0 JavaThread "Reference Handler" daemon [_thread_blocked, id=15416, stack(0x0000000828b00000,0x0000000828c00000)]
  0x0000012d9513e780 JavaThread "Finalizer" daemon [_thread_blocked, id=12872, stack(0x0000000828c00000,0x0000000828d00000)]
  0x0000012d9514e6d0 JavaThread "Signal Dispatcher" daemon [_thread_blocked, id=10692, stack(0x0000000828d00000,0x0000000828e00000)]
  0x0000012d9514f2d0 JavaThread "Attach Listener" daemon [_thread_blocked, id=15484, stack(0x0000000828e00000,0x0000000828f00000)]
  0x0000012d95152480 JavaThread "Service Thread" daemon [_thread_blocked, id=16836, stack(0x0000000828f00000,0x0000000829000000)]
  0x0000012d95158e00 JavaThread "Monitor Deflation Thread" daemon [_thread_blocked, id=16896, stack(0x0000000829000000,0x0000000829100000)]
  0x0000012d951597f0 JavaThread "C2 CompilerThread0" daemon [_thread_blocked, id=18756, stack(0x0000000829100000,0x0000000829200000)]
  0x0000012d95186bc0 JavaThread "C1 CompilerThread0" daemon [_thread_blocked, id=7500, stack(0x0000000829200000,0x0000000829300000)]
  0x0000012d951f4880 JavaThread "Sweeper thread" daemon [_thread_blocked, id=18964, stack(0x0000000829300000,0x0000000829400000)]
  0x0000012d95cb6d80 JavaThread "Notification Thread" daemon [_thread_blocked, id=15948, stack(0x0000000829400000,0x0000000829500000)]
  0x0000012d95cbb5a0 JavaThread "Common-Cleaner" daemon [_thread_blocked, id=5180, stack(0x0000000829600000,0x0000000829700000)]
  0x0000012d96372550 JavaThread "resolver-1" daemon [_thread_blocked, id=9444, stack(0x0000000829b00000,0x0000000829c00000)]
  0x0000012d96372ff0 JavaThread "resolver-2" daemon [_thread_blocked, id=18568, stack(0x0000000829c00000,0x0000000829d00000)]
  0x0000012d96373a90 JavaThread "resolver-3" daemon [_thread_blocked, id=11860, stack(0x0000000829d00000,0x0000000829e00000)]
  0x0000012d9779cb70 JavaThread "resolver-4" daemon [_thread_blocked, id=9232, stack(0x000000082a000000,0x000000082a100000)]
  0x0000012d9779d610 JavaThread "resolver-5" daemon [_thread_blocked, id=2856, stack(0x000000082a100000,0x000000082a200000)]
  0x0000012d9779db60 JavaThread "OkHttp ConnectionPool" daemon [_thread_blocked, id=14428, stack(0x000000082a500000,0x000000082a600000)]
  0x0000012d9779bb80 JavaThread "Okio Watchdog" daemon [_thread_blocked, id=18812, stack(0x000000082a600000,0x000000082a700000)]
  0x0000012d9779c620 JavaThread "OkHttp TaskRunner" daemon [_thread_blocked, id=4636, stack(0x000000082a400000,0x000000082a500000)]
  0x0000012d9779c0d0 JavaThread "Okio Watchdog" daemon [_thread_blocked, id=18356, stack(0x000000082a700000,0x000000082a800000)]
  0x0000012d9a4475c0 JavaThread "Report about progress of Java XML analyzer" daemon [_thread_blocked, id=18292, stack(0x0000000828200000,0x0000000828300000)]

Other Threads:
  0x0000012d95139150 VMThread "VM Thread" [stack: 0x0000000828a00000,0x0000000828b00000] [id=19068]
  0x0000012d95cbb2b0 WatcherThread [stack: 0x0000000829500000,0x0000000829600000] [id=9600]
  0x0000012d36d3cf80 GCTaskThread "GC Thread#0" [stack: 0x0000000828500000,0x0000000828600000] [id=13892]
  0x0000012d964a56f0 GCTaskThread "GC Thread#1" [stack: 0x0000000829700000,0x0000000829800000] [id=16136]
  0x0000012d964a5a00 GCTaskThread "GC Thread#2" [stack: 0x0000000829800000,0x0000000829900000] [id=18340]
  0x0000012d964a5e90 GCTaskThread "GC Thread#3" [stack: 0x0000000829900000,0x0000000829a00000] [id=9384]
  0x0000012d36d4dd40 ConcurrentGCThread "G1 Main Marker" [stack: 0x0000000828600000,0x0000000828700000] [id=17412]
  0x0000012d36d4e7b0 ConcurrentGCThread "G1 Conc#0" [stack: 0x0000000828700000,0x0000000828800000] [id=6384]
  0x0000012d36dc7260 ConcurrentGCThread "G1 Refine#0" [stack: 0x0000000828800000,0x0000000828900000] [id=5392]
  0x0000012d962157f0 ConcurrentGCThread "G1 Refine#1" [stack: 0x0000000829a00000,0x0000000829b00000] [id=18908]
  0x0000012d96d531b0 ConcurrentGCThread "G1 Refine#2" [stack: 0x0000000828100000,0x0000000828200000] [id=18884]
  0x0000012d96d53eb0 ConcurrentGCThread "G1 Refine#3" [stack: 0x000000082a200000,0x000000082a300000] [id=15468]
  0x0000012d36dc8b90 ConcurrentGCThread "G1 Service" [stack: 0x0000000828900000,0x0000000828a00000] [id=19072]

Threads with active compile tasks:

VM state: not at safepoint (normal execution)

VM Mutex/Monitor currently owned by a thread:  ([mutex/lock_event])
[0x0000012d36cf6bf0] MetaspaceExpand_lock - owner thread: 0x0000012d36cfde60

Heap address: 0x0000000081400000, size: 2028 MB, Compressed Oops mode: 32-bit

CDS archive(s) mapped at: [0x0000012d54400000-0x0000012d54fb0000-0x0000012d54fb0000), size 12255232, SharedBaseAddress: 0x0000012d54400000, ArchiveRelocationMode: 0.
Compressed class space mapped at: 0x0000012d55000000-0x0000012d95000000, reserved size: 1073741824
Narrow klass base: 0x0000012d54400000, Narrow klass shift: 3, Narrow klass range: 0x100000000

GC Precious Log:
 CPUs: 4 total, 4 available
 Memory: 8108M
 Large Page Support: Disabled
 NUMA Support: Disabled
 Compressed Oops: Enabled (32-bit)
 Heap Region Size: 1M
 Heap Min Capacity: 8M
 Heap Initial Capacity: 128M
 Heap Max Capacity: 2028M
 Pre-touch: Disabled
 Parallel Workers: 4
 Concurrent Workers: 1
 Concurrent Refinement Workers: 4
 Periodic GC: Disabled

Heap:
 garbage-first heap   total 171008K, used 134170K [0x0000000081400000, 0x0000000100000000)
  region size 1024K, 7 young (7168K), 1 survivors (1024K)
 Metaspace       used 104578K, committed 105600K, reserved 1146880K
  class space    used 12722K, committed 13184K, reserved 1048576K

Heap Regions: E=young(eden), S=young(survivor), O=old, HS=humongous(starts), HC=humongous(continues), CS=collection set, F=free, OA=open archive, CA=closed archive, TAMS=top-at-mark-start (previous, next)
|   0|0x0000000081400000, 0x0000000081500000, 0x0000000081500000|100%| O|  |TAMS 0x0000000081500000, 0x0000000081400000| Untracked 
|   1|0x0000000081500000, 0x0000000081600000, 0x0000000081600000|100%| O|  |TAMS 0x0000000081600000, 0x0000000081500000| Untracked 
|   2|0x0000000081600000, 0x0000000081700000, 0x0000000081700000|100%| O|  |TAMS 0x0000000081700000, 0x0000000081600000| Untracked 
|   3|0x0000000081700000, 0x0000000081800000, 0x0000000081800000|100%| O|  |TAMS 0x0000000081800000, 0x0000000081700000| Untracked 
|   4|0x0000000081800000, 0x0000000081900000, 0x0000000081900000|100%| O|  |TAMS 0x0000000081900000, 0x0000000081800000| Untracked 
|   5|0x0000000081900000, 0x0000000081a00000, 0x0000000081a00000|100%| O|  |TAMS 0x0000000081a00000, 0x0000000081900000| Untracked 
|   6|0x0000000081a00000, 0x0000000081b00000, 0x0000000081b00000|100%| O|  |TAMS 0x0000000081b00000, 0x0000000081a00000| Untracked 
|   7|0x0000000081b00000, 0x0000000081c00000, 0x0000000081c00000|100%| O|  |TAMS 0x0000000081c00000, 0x0000000081b00000| Untracked 
|   8|0x0000000081c00000, 0x0000000081d00000, 0x0000000081d00000|100%| O|  |TAMS 0x0000000081d00000, 0x0000000081c00000| Untracked 
|   9|0x0000000081d00000, 0x0000000081e00000, 0x0000000081e00000|100%| O|  |TAMS 0x0000000081e00000, 0x0000000081d00000| Untracked 
|  10|0x0000000081e00000, 0x0000000081f00000, 0x0000000081f00000|100%| O|  |TAMS 0x0000000081f00000, 0x0000000081e00000| Untracked 
|  11|0x0000000081f00000, 0x0000000082000000, 0x0000000082000000|100%| O|  |TAMS 0x0000000082000000, 0x0000000081f00000| Untracked 
|  12|0x0000000082000000, 0x0000000082100000, 0x0000000082100000|100%|HS|  |TAMS 0x0000000082100000, 0x0000000082000000| Complete 
|  13|0x0000000082100000, 0x0000000082200000, 0x0000000082200000|100%|HS|  |TAMS 0x0000000082200000, 0x0000000082100000| Complete 
|  14|0x0000000082200000, 0x0000000082300000, 0x0000000082300000|100%| O|  |TAMS 0x0000000082300000, 0x0000000082200000| Untracked 
|  15|0x0000000082300000, 0x0000000082400000, 0x0000000082400000|100%|HS|  |TAMS 0x0000000082400000, 0x0000000082300000| Complete 
|  16|0x0000000082400000, 0x0000000082500000, 0x0000000082500000|100%| O|  |TAMS 0x0000000082500000, 0x0000000082400000| Untracked 
|  17|0x0000000082500000, 0x0000000082600000, 0x0000000082600000|100%| O|  |TAMS 0x0000000082600000, 0x0000000082500000| Untracked 
|  18|0x0000000082600000, 0x0000000082700000, 0x0000000082700000|100%|HS|  |TAMS 0x0000000082700000, 0x0000000082600000| Complete 
|  19|0x0000000082700000, 0x0000000082800000, 0x0000000082800000|100%| O|  |TAMS 0x0000000082800000, 0x0000000082700000| Untracked 
|  20|0x0000000082800000, 0x0000000082900000, 0x0000000082900000|100%| O|  |TAMS 0x0000000082900000, 0x0000000082800000| Untracked 
|  21|0x0000000082900000, 0x0000000082a00000, 0x0000000082a00000|100%| O|  |TAMS 0x0000000082a00000, 0x0000000082900000| Untracked 
|  22|0x0000000082a00000, 0x0000000082b00000, 0x0000000082b00000|100%| O|  |TAMS 0x0000000082b00000, 0x0000000082a00000| Untracked 
|  23|0x0000000082b00000, 0x0000000082c00000, 0x0000000082c00000|100%| O|  |TAMS 0x0000000082c00000, 0x0000000082b00000| Untracked 
|  24|0x0000000082c00000, 0x0000000082d00000, 0x0000000082d00000|100%| O|  |TAMS 0x0000000082d00000, 0x0000000082c00000| Untracked 
|  25|0x0000000082d00000, 0x0000000082e00000, 0x0000000082e00000|100%| O|  |TAMS 0x0000000082e00000, 0x0000000082d00000| Untracked 
|  26|0x0000000082e00000, 0x0000000082f00000, 0x0000000082f00000|100%| O|  |TAMS 0x0000000082f00000, 0x0000000082e00000| Untracked 
|  27|0x0000000082f00000, 0x0000000083000000, 0x0000000083000000|100%| O|  |TAMS 0x0000000083000000, 0x0000000082f00000| Untracked 
|  28|0x0000000083000000, 0x0000000083100000, 0x0000000083100000|100%| O|  |TAMS 0x0000000083100000, 0x0000000083000000| Untracked 
|  29|0x0000000083100000, 0x0000000083200000, 0x0000000083200000|100%| O|  |TAMS 0x0000000083200000, 0x0000000083100000| Untracked 
|  30|0x0000000083200000, 0x0000000083300000, 0x0000000083300000|100%| O|  |TAMS 0x0000000083300000, 0x0000000083200000| Untracked 
|  31|0x0000000083300000, 0x0000000083400000, 0x0000000083400000|100%| O|  |TAMS 0x0000000083400000, 0x0000000083300000| Untracked 
|  32|0x0000000083400000, 0x0000000083500000, 0x0000000083500000|100%| O|  |TAMS 0x0000000083500000, 0x0000000083400000| Untracked 
|  33|0x0000000083500000, 0x0000000083600000, 0x0000000083600000|100%| O|  |TAMS 0x0000000083600000, 0x0000000083500000| Untracked 
|  34|0x0000000083600000, 0x0000000083700000, 0x0000000083700000|100%| O|  |TAMS 0x0000000083700000, 0x0000000083600000| Untracked 
|  35|0x0000000083700000, 0x0000000083800000, 0x0000000083800000|100%| O|  |TAMS 0x0000000083800000, 0x0000000083700000| Untracked 
|  36|0x0000000083800000, 0x0000000083900000, 0x0000000083900000|100%| O|  |TAMS 0x0000000083900000, 0x0000000083800000| Untracked 
|  37|0x0000000083900000, 0x0000000083a00000, 0x0000000083a00000|100%| O|  |TAMS 0x0000000083a00000, 0x0000000083900000| Untracked 
|  38|0x0000000083a00000, 0x0000000083b00000, 0x0000000083b00000|100%|HS|  |TAMS 0x0000000083b00000, 0x0000000083a00000| Complete 
|  39|0x0000000083b00000, 0x0000000083c00000, 0x0000000083c00000|100%| O|  |TAMS 0x0000000083c00000, 0x0000000083b00000| Untracked 
|  40|0x0000000083c00000, 0x0000000083d00000, 0x0000000083d00000|100%| O|  |TAMS 0x0000000083d00000, 0x0000000083c00000| Untracked 
|  41|0x0000000083d00000, 0x0000000083e00000, 0x0000000083e00000|100%| O|  |TAMS 0x0000000083e00000, 0x0000000083d00000| Untracked 
|  42|0x0000000083e00000, 0x0000000083f00000, 0x0000000083f00000|100%| O|  |TAMS 0x0000000083f00000, 0x0000000083e00000| Untracked 
|  43|0x0000000083f00000, 0x0000000084000000, 0x0000000084000000|100%| O|  |TAMS 0x0000000084000000, 0x0000000083f00000| Untracked 
|  44|0x0000000084000000, 0x0000000084100000, 0x0000000084100000|100%| O|  |TAMS 0x0000000084100000, 0x0000000084000000| Untracked 
|  45|0x0000000084100000, 0x0000000084200000, 0x0000000084200000|100%| O|  |TAMS 0x0000000084200000, 0x0000000084100000| Untracked 
|  46|0x0000000084200000, 0x0000000084300000, 0x0000000084300000|100%| O|  |TAMS 0x0000000084300000, 0x0000000084200000| Untracked 
|  47|0x0000000084300000, 0x0000000084400000, 0x0000000084400000|100%| O|  |TAMS 0x0000000084400000, 0x0000000084300000| Untracked 
|  48|0x0000000084400000, 0x0000000084500000, 0x0000000084500000|100%| O|  |TAMS 0x0000000084500000, 0x0000000084400000| Untracked 
|  49|0x0000000084500000, 0x0000000084600000, 0x0000000084600000|100%| O|  |TAMS 0x0000000084600000, 0x0000000084500000| Untracked 
|  50|0x0000000084600000, 0x0000000084700000, 0x0000000084700000|100%| O|  |TAMS 0x0000000084700000, 0x0000000084600000| Untracked 
|  51|0x0000000084700000, 0x0000000084800000, 0x0000000084800000|100%| O|  |TAMS 0x0000000084800000, 0x0000000084700000| Untracked 
|  52|0x0000000084800000, 0x0000000084900000, 0x0000000084900000|100%| O|  |TAMS 0x0000000084900000, 0x0000000084800000| Untracked 
|  53|0x0000000084900000, 0x0000000084a00000, 0x0000000084a00000|100%|HS|  |TAMS 0x0000000084a00000, 0x0000000084900000| Complete 
|  54|0x0000000084a00000, 0x0000000084b00000, 0x0000000084b00000|100%|HC|  |TAMS 0x0000000084b00000, 0x0000000084a00000| Complete 
|  55|0x0000000084b00000, 0x0000000084b47200, 0x0000000084c00000| 27%| O|  |TAMS 0x0000000084b47200, 0x0000000084b00000| Untracked 
|  56|0x0000000084c00000, 0x0000000084d00000, 0x0000000084d00000|100%| O|  |TAMS 0x0000000084d00000, 0x0000000084c00000| Untracked 
|  57|0x0000000084d00000, 0x0000000084e00000, 0x0000000084e00000|100%| O|  |TAMS 0x0000000084e00000, 0x0000000084d00000| Untracked 
|  58|0x0000000084e00000, 0x0000000084f00000, 0x0000000084f00000|100%| O|  |TAMS 0x0000000084f00000, 0x0000000084e00000| Untracked 
|  59|0x0000000084f00000, 0x0000000085000000, 0x0000000085000000|100%| O|  |TAMS 0x0000000085000000, 0x0000000084f00000| Untracked 
|  60|0x0000000085000000, 0x0000000085100000, 0x0000000085100000|100%| O|  |TAMS 0x0000000085100000, 0x0000000085000000| Untracked 
|  61|0x0000000085100000, 0x0000000085200000, 0x0000000085200000|100%| O|  |TAMS 0x0000000085200000, 0x0000000085100000| Untracked 
|  62|0x0000000085200000, 0x0000000085300000, 0x0000000085300000|100%| O|  |TAMS 0x0000000085300000, 0x0000000085200000| Untracked 
|  63|0x0000000085300000, 0x0000000085400000, 0x0000000085400000|100%| O|  |TAMS 0x0000000085400000, 0x0000000085300000| Untracked 
|  64|0x0000000085400000, 0x0000000085500000, 0x0000000085500000|100%| O|  |TAMS 0x0000000085500000, 0x0000000085400000| Untracked 
|  65|0x0000000085500000, 0x0000000085600000, 0x0000000085600000|100%| O|  |TAMS 0x0000000085600000, 0x0000000085500000| Untracked 
|  66|0x0000000085600000, 0x0000000085700000, 0x0000000085700000|100%| O|  |TAMS 0x0000000085700000, 0x0000000085600000| Untracked 
|  67|0x0000000085700000, 0x0000000085800000, 0x0000000085800000|100%| O|  |TAMS 0x0000000085800000, 0x0000000085700000| Untracked 
|  68|0x0000000085800000, 0x0000000085900000, 0x0000000085900000|100%| O|  |TAMS 0x0000000085900000, 0x0000000085800000| Untracked 
|  69|0x0000000085900000, 0x0000000085a00000, 0x0000000085a00000|100%| O|  |TAMS 0x0000000085a00000, 0x0000000085900000| Untracked 
|  70|0x0000000085a00000, 0x0000000085b00000, 0x0000000085b00000|100%| O|  |TAMS 0x0000000085b00000, 0x0000000085a00000| Untracked 
|  71|0x0000000085b00000, 0x0000000085c00000, 0x0000000085c00000|100%| O|  |TAMS 0x0000000085c00000, 0x0000000085b00000| Untracked 
|  72|0x0000000085c00000, 0x0000000085d00000, 0x0000000085d00000|100%| O|  |TAMS 0x0000000085d00000, 0x0000000085c00000| Untracked 
|  73|0x0000000085d00000, 0x0000000085e00000, 0x0000000085e00000|100%| O|  |TAMS 0x0000000085e00000, 0x0000000085d00000| Untracked 
|  74|0x0000000085e00000, 0x0000000085f00000, 0x0000000085f00000|100%| O|  |TAMS 0x0000000085f00000, 0x0000000085e00000| Untracked 
|  75|0x0000000085f00000, 0x0000000086000000, 0x0000000086000000|100%| O|  |TAMS 0x0000000086000000, 0x0000000085f00000| Untracked 
|  76|0x0000000086000000, 0x0000000086100000, 0x0000000086100000|100%| O|  |TAMS 0x0000000086100000, 0x0000000086000000| Untracked 
|  77|0x0000000086100000, 0x0000000086200000, 0x0000000086200000|100%| O|  |TAMS 0x0000000086200000, 0x0000000086100000| Untracked 
|  78|0x0000000086200000, 0x0000000086300000, 0x0000000086300000|100%| O|  |TAMS 0x0000000086300000, 0x0000000086200000| Untracked 
|  79|0x0000000086300000, 0x0000000086400000, 0x0000000086400000|100%| O|  |TAMS 0x0000000086400000, 0x0000000086300000| Untracked 
|  80|0x0000000086400000, 0x0000000086500000, 0x0000000086500000|100%| O|  |TAMS 0x00000000864d9200, 0x0000000086400000| Untracked 
|  81|0x0000000086500000, 0x0000000086600000, 0x0000000086600000|100%| O|  |TAMS 0x0000000086500000, 0x0000000086500000| Untracked 
|  82|0x0000000086600000, 0x0000000086700000, 0x0000000086700000|100%| O|  |TAMS 0x0000000086600000, 0x0000000086600000| Untracked 
|  83|0x0000000086700000, 0x0000000086800000, 0x0000000086800000|100%| O|  |TAMS 0x0000000086700000, 0x0000000086700000| Untracked 
|  84|0x0000000086800000, 0x0000000086900000, 0x0000000086900000|100%| O|  |TAMS 0x0000000086800000, 0x0000000086800000| Untracked 
|  85|0x0000000086900000, 0x0000000086a00000, 0x0000000086a00000|100%| O|  |TAMS 0x0000000086900000, 0x0000000086900000| Untracked 
|  86|0x0000000086a00000, 0x0000000086b00000, 0x0000000086b00000|100%| O|  |TAMS 0x0000000086a00000, 0x0000000086a00000| Untracked 
|  87|0x0000000086b00000, 0x0000000086c00000, 0x0000000086c00000|100%| O|  |TAMS 0x0000000086b00000, 0x0000000086b00000| Untracked 
|  88|0x0000000086c00000, 0x0000000086d00000, 0x0000000086d00000|100%| O|  |TAMS 0x0000000086c00000, 0x0000000086c00000| Untracked 
|  89|0x0000000086d00000, 0x0000000086e00000, 0x0000000086e00000|100%| O|  |TAMS 0x0000000086d00000, 0x0000000086d00000| Untracked 
|  90|0x0000000086e00000, 0x0000000086f00000, 0x0000000086f00000|100%| O|  |TAMS 0x0000000086e00000, 0x0000000086e00000| Untracked 
|  91|0x0000000086f00000, 0x0000000087000000, 0x0000000087000000|100%| O|  |TAMS 0x0000000086f00000, 0x0000000086f00000| Untracked 
|  92|0x0000000087000000, 0x0000000087100000, 0x0000000087100000|100%| O|  |TAMS 0x0000000087000000, 0x0000000087000000| Untracked 
|  93|0x0000000087100000, 0x0000000087200000, 0x0000000087200000|100%| O|  |TAMS 0x0000000087100000, 0x0000000087100000| Untracked 
|  94|0x0000000087200000, 0x0000000087300000, 0x0000000087300000|100%| O|  |TAMS 0x0000000087200000, 0x0000000087200000| Untracked 
|  95|0x0000000087300000, 0x0000000087400000, 0x0000000087400000|100%| O|  |TAMS 0x0000000087300000, 0x0000000087300000| Untracked 
|  96|0x0000000087400000, 0x0000000087500000, 0x0000000087500000|100%| O|  |TAMS 0x0000000087400000, 0x0000000087400000| Untracked 
|  97|0x0000000087500000, 0x0000000087600000, 0x0000000087600000|100%| O|  |TAMS 0x0000000087500000, 0x0000000087500000| Untracked 
|  98|0x0000000087600000, 0x0000000087700000, 0x0000000087700000|100%| O|  |TAMS 0x0000000087600000, 0x0000000087600000| Untracked 
|  99|0x0000000087700000, 0x0000000087800000, 0x0000000087800000|100%| O|  |TAMS 0x0000000087700000, 0x0000000087700000| Untracked 
| 100|0x0000000087800000, 0x0000000087900000, 0x0000000087900000|100%| O|  |TAMS 0x0000000087800000, 0x0000000087800000| Untracked 
| 101|0x0000000087900000, 0x0000000087a00000, 0x0000000087a00000|100%| O|  |TAMS 0x0000000087900000, 0x0000000087900000| Untracked 
| 102|0x0000000087a00000, 0x0000000087b00000, 0x0000000087b00000|100%| O|  |TAMS 0x0000000087a00000, 0x0000000087a00000| Untracked 
| 103|0x0000000087b00000, 0x0000000087c00000, 0x0000000087c00000|100%| O|  |TAMS 0x0000000087b00000, 0x0000000087b00000| Untracked 
| 104|0x0000000087c00000, 0x0000000087d00000, 0x0000000087d00000|100%| O|  |TAMS 0x0000000087c00000, 0x0000000087c00000| Untracked 
| 105|0x0000000087d00000, 0x0000000087e00000, 0x0000000087e00000|100%| O|  |TAMS 0x0000000087d00000, 0x0000000087d00000| Untracked 
| 106|0x0000000087e00000, 0x0000000087f00000, 0x0000000087f00000|100%| O|  |TAMS 0x0000000087e00000, 0x0000000087e00000| Untracked 
| 107|0x0000000087f00000, 0x0000000088000000, 0x0000000088000000|100%| O|  |TAMS 0x0000000087f00000, 0x0000000087f00000| Untracked 
| 108|0x0000000088000000, 0x0000000088100000, 0x0000000088100000|100%| O|  |TAMS 0x0000000088000000, 0x0000000088000000| Untracked 
| 109|0x0000000088100000, 0x0000000088200000, 0x0000000088200000|100%| O|  |TAMS 0x0000000088100000, 0x0000000088100000| Untracked 
| 110|0x0000000088200000, 0x0000000088300000, 0x0000000088300000|100%| O|  |TAMS 0x0000000088200000, 0x0000000088200000| Untracked 
| 111|0x0000000088300000, 0x0000000088400000, 0x0000000088400000|100%| O|  |TAMS 0x0000000088300000, 0x0000000088300000| Untracked 
| 112|0x0000000088400000, 0x0000000088500000, 0x0000000088500000|100%| O|  |TAMS 0x0000000088400000, 0x0000000088400000| Untracked 
| 113|0x0000000088500000, 0x0000000088600000, 0x0000000088600000|100%|HS|  |TAMS 0x0000000088500000, 0x0000000088500000| Complete 
| 114|0x0000000088600000, 0x0000000088700000, 0x0000000088700000|100%| O|  |TAMS 0x0000000088600000, 0x0000000088600000| Untracked 
| 115|0x0000000088700000, 0x0000000088800000, 0x0000000088800000|100%| O|  |TAMS 0x0000000088700000, 0x0000000088700000| Untracked 
| 116|0x0000000088800000, 0x0000000088900000, 0x0000000088900000|100%| O|  |TAMS 0x0000000088800000, 0x0000000088800000| Untracked 
| 117|0x0000000088900000, 0x0000000088a00000, 0x0000000088a00000|100%| O|  |TAMS 0x0000000088900000, 0x0000000088900000| Untracked 
| 118|0x0000000088a00000, 0x0000000088b00000, 0x0000000088b00000|100%| O|  |TAMS 0x0000000088a00000, 0x0000000088a00000| Untracked 
| 119|0x0000000088b00000, 0x0000000088c00000, 0x0000000088c00000|100%| O|  |TAMS 0x0000000088b00000, 0x0000000088b00000| Untracked 
| 120|0x0000000088c00000, 0x0000000088d00000, 0x0000000088d00000|100%| O|  |TAMS 0x0000000088c00000, 0x0000000088c00000| Untracked 
| 121|0x0000000088d00000, 0x0000000088e00000, 0x0000000088e00000|100%| O|  |TAMS 0x0000000088d00000, 0x0000000088d00000| Untracked 
| 122|0x0000000088e00000, 0x0000000088f00000, 0x0000000088f00000|100%| O|  |TAMS 0x0000000088e00000, 0x0000000088e00000| Untracked 
| 123|0x0000000088f00000, 0x0000000089000000, 0x0000000089000000|100%| O|  |TAMS 0x0000000088f00000, 0x0000000088f00000| Untracked 
| 124|0x0000000089000000, 0x0000000089100000, 0x0000000089100000|100%| O|  |TAMS 0x0000000089000000, 0x0000000089000000| Untracked 
| 125|0x0000000089100000, 0x00000000891eb000, 0x0000000089200000| 91%| O|  |TAMS 0x0000000089100000, 0x0000000089100000| Untracked 
| 126|0x0000000089200000, 0x0000000089200000, 0x0000000089300000|  0%| F|  |TAMS 0x0000000089200000, 0x0000000089200000| Untracked 
| 127|0x0000000089300000, 0x0000000089300000, 0x0000000089400000|  0%| F|  |TAMS 0x0000000089300000, 0x0000000089300000| Untracked 
| 128|0x0000000089400000, 0x0000000089400000, 0x0000000089500000|  0%| F|  |TAMS 0x0000000089400000, 0x0000000089400000| Untracked 
| 129|0x0000000089500000, 0x0000000089500000, 0x0000000089600000|  0%| F|  |TAMS 0x0000000089500000, 0x0000000089500000| Untracked 
| 130|0x0000000089600000, 0x0000000089600000, 0x0000000089700000|  0%| F|  |TAMS 0x0000000089600000, 0x0000000089600000| Untracked 
| 131|0x0000000089700000, 0x0000000089700000, 0x0000000089800000|  0%| F|  |TAMS 0x0000000089700000, 0x0000000089700000| Untracked 
| 132|0x0000000089800000, 0x0000000089800000, 0x0000000089900000|  0%| F|  |TAMS 0x0000000089800000, 0x0000000089800000| Untracked 
| 133|0x0000000089900000, 0x0000000089900000, 0x0000000089a00000|  0%| F|  |TAMS 0x0000000089900000, 0x0000000089900000| Untracked 
| 134|0x0000000089a00000, 0x0000000089a00000, 0x0000000089b00000|  0%| F|  |TAMS 0x0000000089a00000, 0x0000000089a00000| Untracked 
| 135|0x0000000089b00000, 0x0000000089b00000, 0x0000000089c00000|  0%| F|  |TAMS 0x0000000089b00000, 0x0000000089b00000| Untracked 
| 136|0x0000000089c00000, 0x0000000089c00000, 0x0000000089d00000|  0%| F|  |TAMS 0x0000000089c00000, 0x0000000089c00000| Untracked 
| 137|0x0000000089d00000, 0x0000000089d00000, 0x0000000089e00000|  0%| F|  |TAMS 0x0000000089d00000, 0x0000000089d00000| Untracked 
| 138|0x0000000089e00000, 0x0000000089e00000, 0x0000000089f00000|  0%| F|  |TAMS 0x0000000089e00000, 0x0000000089e00000| Untracked 
| 139|0x0000000089f00000, 0x0000000089f00000, 0x000000008a000000|  0%| F|  |TAMS 0x0000000089f00000, 0x0000000089f00000| Untracked 
| 140|0x000000008a000000, 0x000000008a000000, 0x000000008a100000|  0%| F|  |TAMS 0x000000008a000000, 0x000000008a000000| Untracked 
| 141|0x000000008a100000, 0x000000008a100000, 0x000000008a200000|  0%| F|  |TAMS 0x000000008a100000, 0x000000008a100000| Untracked 
| 142|0x000000008a200000, 0x000000008a200000, 0x000000008a300000|  0%| F|  |TAMS 0x000000008a200000, 0x000000008a200000| Untracked 
| 143|0x000000008a300000, 0x000000008a300000, 0x000000008a400000|  0%| F|  |TAMS 0x000000008a300000, 0x000000008a300000| Untracked 
| 144|0x000000008a400000, 0x000000008a400000, 0x000000008a500000|  0%| F|  |TAMS 0x000000008a400000, 0x000000008a400000| Untracked 
| 145|0x000000008a500000, 0x000000008a500000, 0x000000008a600000|  0%| F|  |TAMS 0x000000008a500000, 0x000000008a500000| Untracked 
| 146|0x000000008a600000, 0x000000008a600000, 0x000000008a700000|  0%| F|  |TAMS 0x000000008a600000, 0x000000008a600000| Untracked 
| 147|0x000000008a700000, 0x000000008a700000, 0x000000008a800000|  0%| F|  |TAMS 0x000000008a700000, 0x000000008a700000| Untracked 
| 148|0x000000008a800000, 0x000000008a800000, 0x000000008a900000|  0%| F|  |TAMS 0x000000008a800000, 0x000000008a800000| Untracked 
| 149|0x000000008a900000, 0x000000008a900000, 0x000000008aa00000|  0%| F|  |TAMS 0x000000008a900000, 0x000000008a900000| Untracked 
| 150|0x000000008aa00000, 0x000000008aa00000, 0x000000008ab00000|  0%| F|  |TAMS 0x000000008aa00000, 0x000000008aa00000| Untracked 
| 151|0x000000008ab00000, 0x000000008ab00000, 0x000000008ac00000|  0%| F|  |TAMS 0x000000008ab00000, 0x000000008ab00000| Untracked 
| 152|0x000000008ac00000, 0x000000008ac00000, 0x000000008ad00000|  0%| F|  |TAMS 0x000000008ac00000, 0x000000008ac00000| Untracked 
| 153|0x000000008ad00000, 0x000000008ad00000, 0x000000008ae00000|  0%| F|  |TAMS 0x000000008ad00000, 0x000000008ad00000| Untracked 
| 154|0x000000008ae00000, 0x000000008ae00000, 0x000000008af00000|  0%| F|  |TAMS 0x000000008ae00000, 0x000000008ae00000| Untracked 
| 155|0x000000008af00000, 0x000000008afd4960, 0x000000008b000000| 83%| S|CS|TAMS 0x000000008af00000, 0x000000008af00000| Complete 
| 156|0x000000008b000000, 0x000000008b000000, 0x000000008b100000|  0%| F|  |TAMS 0x000000008b000000, 0x000000008b000000| Untracked 
| 157|0x000000008b100000, 0x000000008b100000, 0x000000008b200000|  0%| F|  |TAMS 0x000000008b100000, 0x000000008b100000| Untracked 
| 158|0x000000008b200000, 0x000000008b200000, 0x000000008b300000|  0%| F|  |TAMS 0x000000008b200000, 0x000000008b200000| Untracked 
| 159|0x000000008b300000, 0x000000008b300000, 0x000000008b400000|  0%| F|  |TAMS 0x000000008b300000, 0x000000008b300000| Untracked 
| 160|0x000000008b400000, 0x000000008b400000, 0x000000008b500000|  0%| F|  |TAMS 0x000000008b400000, 0x000000008b400000| Untracked 
| 161|0x000000008b500000, 0x000000008b592a70, 0x000000008b600000| 57%| E|  |TAMS 0x000000008b500000, 0x000000008b500000| Complete 
| 162|0x000000008b600000, 0x000000008b700000, 0x000000008b700000|100%| E|CS|TAMS 0x000000008b600000, 0x000000008b600000| Complete 
| 163|0x000000008b700000, 0x000000008b800000, 0x000000008b800000|100%| E|CS|TAMS 0x000000008b700000, 0x000000008b700000| Complete 
| 164|0x000000008b800000, 0x000000008b900000, 0x000000008b900000|100%| E|CS|TAMS 0x000000008b800000, 0x000000008b800000| Complete 
| 165|0x000000008b900000, 0x000000008ba00000, 0x000000008ba00000|100%| E|CS|TAMS 0x000000008b900000, 0x000000008b900000| Complete 
| 348|0x0000000097000000, 0x0000000097100000, 0x0000000097100000|100%| E|CS|TAMS 0x0000000097000000, 0x0000000097000000| Complete 

Card table byte_map: [0x0000012d4d880000,0x0000012d4dc80000] _byte_map_base: 0x0000012d4d476000

Marking Bits (Prev, Next): (CMBitMap*) 0x0000012d36d3d630, (CMBitMap*) 0x0000012d36d3d5f0
 Prev Bits: [0x0000012d50030000, 0x0000012d51fe0000)
 Next Bits: [0x0000012d4e080000, 0x0000012d50030000)

Polling page: 0x0000012d34d20000

Metaspace:

Usage:
  Non-class:     89.70 MB used.
      Class:     12.42 MB used.
       Both:    102.13 MB used.

Virtual space:
  Non-class space:       96.00 MB reserved,      90.25 MB ( 94%) committed,  12 nodes.
      Class space:        1.00 GB reserved,      12.88 MB (  1%) committed,  1 nodes.
              Both:        1.09 GB reserved,     103.12 MB (  9%) committed. 

Chunk freelists:
   Non-Class:  944.00 KB
       Class:  2.92 MB
        Both:  3.84 MB

MaxMetaspaceSize: 17179869184.00 GB
CompressedClassSpaceSize: 1.00 GB
 - commit_granule_bytes: 65536.
 - commit_granule_words: 8192.
 - virtual_space_node_default_size: 1048576.
 - enlarge_chunks_in_place: 1.
 - new_chunks_are_fully_committed: 0.
 - uncommit_free_chunks: 1.
 - use_allocation_guard: 0.
 - handle_deallocations: 1.


Internal statistics:

num_allocs_failed_limit: 12.
num_arena_births: 510.
num_arena_deaths: 8.
num_vsnodes_births: 13.
num_vsnodes_deaths: 0.
num_space_committed: 1653.
num_space_uncommitted: 3.
num_chunks_returned_to_freelist: 42.
num_chunks_taken_from_freelist: 4256.
num_chunk_merges: 16.
num_chunk_splits: 3276.
num_chunks_enlarged: 2676.
num_purges: 6.

CodeHeap 'non-profiled nmethods': size=120000Kb used=8531Kb max_used=8531Kb free=111468Kb
 bounds [0x0000012d45f50000, 0x0000012d467b0000, 0x0000012d4d480000]
CodeHeap 'profiled nmethods': size=120000Kb used=27517Kb max_used=27517Kb free=92482Kb
 bounds [0x0000012d3ea20000, 0x0000012d40510000, 0x0000012d45f50000]
CodeHeap 'non-nmethods': size=5760Kb used=1387Kb max_used=1500Kb free=4372Kb
 bounds [0x0000012d3e480000, 0x0000012d3e6f0000, 0x0000012d3ea20000]
 total_blobs=12538 nmethods=11819 adapters=630
 compilation: enabled
              stopped_count=0, restarted_count=0
 full_count=0

Compilation events (20 events):
Event: 333.561 Thread 0x0000012d95186bc0 14057       3       com.ctc.wstx.util.SymbolTable::findSymbol (251 bytes)
Event: 333.564 Thread 0x0000012d95186bc0 nmethod 14057 0x0000012d404fc890 code [0x0000012d404fcba0, 0x0000012d404fdf78]
Event: 333.564 Thread 0x0000012d95186bc0 14058       3       com.ctc.wstx.sr.StreamScanner::getNextChar (34 bytes)
Event: 333.564 Thread 0x0000012d95186bc0 nmethod 14058 0x0000012d404fe710 code [0x0000012d404fe8e0, 0x0000012d404fec98]
Event: 333.569 Thread 0x0000012d95186bc0 14059       1       org.sonar.api.batch.sensor.measure.internal.DefaultMeasure::inputComponent (5 bytes)
Event: 333.569 Thread 0x0000012d95186bc0 nmethod 14059 0x0000012d467a2610 code [0x0000012d467a27a0, 0x0000012d467a2878]
Event: 333.569 Thread 0x0000012d95186bc0 14060       1       org.sonar.api.batch.sensor.measure.internal.DefaultMeasure::isFromCore (5 bytes)
Event: 333.569 Thread 0x0000012d95186bc0 nmethod 14060 0x0000012d467a2910 code [0x0000012d467a2aa0, 0x0000012d467a2b78]
Event: 333.569 Thread 0x0000012d95186bc0 14061       1       org.sonar.core.metric.ScannerMetrics::getMetrics (5 bytes)
Event: 333.569 Thread 0x0000012d95186bc0 nmethod 14061 0x0000012d467a2c10 code [0x0000012d467a2da0, 0x0000012d467a2e78]
Event: 333.570 Thread 0x0000012d95186bc0 14062       3       org.sonar.scanner.protocol.output.ScannerReport$Measure::getMetricKeyBytes (32 bytes)
Event: 333.571 Thread 0x0000012d95186bc0 nmethod 14062 0x0000012d404fee10 code [0x0000012d404ff040, 0x0000012d404ffa58]
Event: 333.571 Thread 0x0000012d951597f0 14063   !   4       java.lang.StringCoding::encode (324 bytes)
Event: 333.589 Thread 0x0000012d951597f0 nmethod 14063 0x0000012d467a2f10 code [0x0000012d467a31e0, 0x0000012d467a3d80]
Event: 333.589 Thread 0x0000012d951597f0 14064       4       org.sonar.api.utils.Preconditions::checkState (14 bytes)
Event: 333.589 Thread 0x0000012d951597f0 nmethod 14064 0x0000012d467a4790 code [0x0000012d467a4900, 0x0000012d467a4978]
Event: 333.861 Thread 0x0000012d95186bc0 14065       3       java.lang.Integer::getChars (131 bytes)
Event: 333.862 Thread 0x0000012d95186bc0 nmethod 14065 0x0000012d404ffd10 code [0x0000012d404ffee0, 0x0000012d40500318]
Event: 333.994 Thread 0x0000012d951597f0 14066       4       java.nio.Buffer::<init> (105 bytes)
Event: 333.997 Thread 0x0000012d951597f0 nmethod 14066 0x0000012d467a4a90 code [0x0000012d467a4c20, 0x0000012d467a4e38]

GC Heap History (20 events):
Event: 296.873 GC heap before
{Heap before GC invocations=40 (full 0):
 garbage-first heap   total 171008K, used 140292K [0x0000000081400000, 0x0000000100000000)
  region size 1024K, 37 young (37888K), 5 survivors (5120K)
 Metaspace       used 101420K, committed 102400K, reserved 1138688K
  class space    used 12434K, committed 12864K, reserved 1048576K
}
Event: 296.884 GC heap after
{Heap after GC invocations=41 (full 0):
 garbage-first heap   total 171008K, used 107724K [0x0000000081400000, 0x0000000100000000)
  region size 1024K, 5 young (5120K), 5 survivors (5120K)
 Metaspace       used 101420K, committed 102400K, reserved 1138688K
  class space    used 12434K, committed 12864K, reserved 1048576K
}
Event: 303.139 GC heap before
{Heap before GC invocations=41 (full 0):
 garbage-first heap   total 171008K, used 140492K [0x0000000081400000, 0x0000000100000000)
  region size 1024K, 36 young (36864K), 5 survivors (5120K)
 Metaspace       used 101620K, committed 102656K, reserved 1138688K
  class space    used 12447K, committed 12928K, reserved 1048576K
}
Event: 303.149 GC heap after
{Heap after GC invocations=42 (full 0):
 garbage-first heap   total 171008K, used 109406K [0x0000000081400000, 0x0000000100000000)
  region size 1024K, 5 young (5120K), 5 survivors (5120K)
 Metaspace       used 101620K, committed 102656K, reserved 1138688K
  class space    used 12447K, committed 12928K, reserved 1048576K
}
Event: 307.158 GC heap before
{Heap before GC invocations=42 (full 0):
 garbage-first heap   total 171008K, used 137054K [0x0000000081400000, 0x0000000100000000)
  region size 1024K, 32 young (32768K), 5 survivors (5120K)
 Metaspace       used 102282K, committed 103296K, reserved 1146880K
  class space    used 12505K, committed 12928K, reserved 1048576K
}
Event: 307.173 GC heap after
{Heap after GC invocations=43 (full 0):
 garbage-first heap   total 171008K, used 112198K [0x0000000081400000, 0x0000000100000000)
  region size 1024K, 4 young (4096K), 4 survivors (4096K)
 Metaspace       used 102282K, committed 103296K, reserved 1146880K
  class space    used 12505K, committed 12928K, reserved 1048576K
}
Event: 311.141 GC heap before
{Heap before GC invocations=43 (full 0):
 garbage-first heap   total 171008K, used 135750K [0x0000000081400000, 0x0000000100000000)
  region size 1024K, 27 young (27648K), 4 survivors (4096K)
 Metaspace       used 102596K, committed 103616K, reserved 1146880K
  class space    used 12526K, committed 12992K, reserved 1048576K
}
Event: 311.152 GC heap after
{Heap after GC invocations=44 (full 0):
 garbage-first heap   total 171008K, used 113395K [0x0000000081400000, 0x0000000100000000)
  region size 1024K, 4 young (4096K), 4 survivors (4096K)
 Metaspace       used 102596K, committed 103616K, reserved 1146880K
  class space    used 12526K, committed 12992K, reserved 1048576K
}
Event: 314.904 GC heap before
{Heap before GC invocations=44 (full 0):
 garbage-first heap   total 171008K, used 136947K [0x0000000081400000, 0x0000000100000000)
  region size 1024K, 26 young (26624K), 4 survivors (4096K)
 Metaspace       used 102695K, committed 103808K, reserved 1146880K
  class space    used 12537K, committed 13056K, reserved 1048576K
}
Event: 314.911 GC heap after
{Heap after GC invocations=45 (full 0):
 garbage-first heap   total 171008K, used 114922K [0x0000000081400000, 0x0000000100000000)
  region size 1024K, 4 young (4096K), 4 survivors (4096K)
 Metaspace       used 102695K, committed 103808K, reserved 1146880K
  class space    used 12537K, committed 13056K, reserved 1048576K
}
Event: 318.762 GC heap before
{Heap before GC invocations=45 (full 0):
 garbage-first heap   total 171008K, used 135402K [0x0000000081400000, 0x0000000100000000)
  region size 1024K, 24 young (24576K), 4 survivors (4096K)
 Metaspace       used 103288K, committed 104320K, reserved 1146880K
  class space    used 12567K, committed 13056K, reserved 1048576K
}
Event: 318.774 GC heap after
{Heap after GC invocations=46 (full 0):
 garbage-first heap   total 171008K, used 117243K [0x0000000081400000, 0x0000000100000000)
  region size 1024K, 3 young (3072K), 3 survivors (3072K)
 Metaspace       used 103288K, committed 104320K, reserved 1146880K
  class space    used 12567K, committed 13056K, reserved 1048576K
}
Event: 322.477 GC heap before
{Heap before GC invocations=46 (full 0):
 garbage-first heap   total 171008K, used 138747K [0x0000000081400000, 0x0000000100000000)
  region size 1024K, 23 young (23552K), 3 survivors (3072K)
 Metaspace       used 103439K, committed 104512K, reserved 1146880K
  class space    used 12579K, committed 13120K, reserved 1048576K
}
Event: 322.488 GC heap after
{Heap after GC invocations=47 (full 0):
 garbage-first heap   total 171008K, used 121382K [0x0000000081400000, 0x0000000100000000)
  region size 1024K, 3 young (3072K), 3 survivors (3072K)
 Metaspace       used 103439K, committed 104512K, reserved 1146880K
  class space    used 12579K, committed 13120K, reserved 1048576K
}
Event: 327.658 GC heap before
{Heap before GC invocations=47 (full 0):
 garbage-first heap   total 171008K, used 139814K [0x0000000081400000, 0x0000000100000000)
  region size 1024K, 20 young (20480K), 3 survivors (3072K)
 Metaspace       used 103470K, committed 104576K, reserved 1146880K
  class space    used 12583K, committed 13120K, reserved 1048576K
}
Event: 327.664 GC heap after
{Heap after GC invocations=48 (full 0):
 garbage-first heap   total 171008K, used 125185K [0x0000000081400000, 0x0000000100000000)
  region size 1024K, 3 young (3072K), 3 survivors (3072K)
 Metaspace       used 103470K, committed 104576K, reserved 1146880K
  class space    used 12583K, committed 13120K, reserved 1048576K
}
Event: 331.122 GC heap before
{Heap before GC invocations=48 (full 0):
 garbage-first heap   total 171008K, used 139521K [0x0000000081400000, 0x0000000100000000)
  region size 1024K, 17 young (17408K), 3 survivors (3072K)
 Metaspace       used 103572K, committed 104640K, reserved 1146880K
  class space    used 12609K, committed 13120K, reserved 1048576K
}
Event: 331.126 GC heap after
{Heap after GC invocations=49 (full 0):
 garbage-first heap   total 171008K, used 128222K [0x0000000081400000, 0x0000000100000000)
  region size 1024K, 3 young (3072K), 3 survivors (3072K)
 Metaspace       used 103572K, committed 104640K, reserved 1146880K
  class space    used 12609K, committed 13120K, reserved 1048576K
}
Event: 331.626 GC heap before
{Heap before GC invocations=49 (full 0):
 garbage-first heap   total 171008K, used 139486K [0x0000000081400000, 0x0000000100000000)
  region size 1024K, 14 young (14336K), 3 survivors (3072K)
 Metaspace       used 103578K, committed 104640K, reserved 1146880K
  class space    used 12609K, committed 13120K, reserved 1048576K
}
Event: 331.630 GC heap after
{Heap after GC invocations=50 (full 0):
 garbage-first heap   total 171008K, used 129050K [0x0000000081400000, 0x0000000100000000)
  region size 1024K, 1 young (1024K), 1 survivors (1024K)
 Metaspace       used 103578K, committed 104640K, reserved 1146880K
  class space    used 12609K, committed 13120K, reserved 1048576K
}

Deoptimization events (20 events):
Event: 331.635 Thread 0x0000012d36cfde60 Uncommon trap: trap_request=0xffffff45 fr.pc=0x0000012d46702058 relative=0x00000000000007d8
Event: 331.635 Thread 0x0000012d36cfde60 Uncommon trap: reason=unstable_if action=reinterpret pc=0x0000012d46702058 method=org.sonar.java.checks.methods.AbstractMethodDetection.matchers()Lorg/sonar/plugins/java/api/semantic/MethodMatchers; @ 4 c2
Event: 331.635 Thread 0x0000012d36cfde60 DEOPT PACKING pc=0x0000012d46702058 sp=0x00000008284fbe70
Event: 331.635 Thread 0x0000012d36cfde60 DEOPT UNPACKING pc=0x0000012d3e4cd72e sp=0x00000008284fbdb8 mode 2
Event: 333.132 Thread 0x0000012d36cfde60 Uncommon trap: trap_request=0xffffffde fr.pc=0x0000012d4651310c relative=0x000000000000006c
Event: 333.133 Thread 0x0000012d36cfde60 Uncommon trap: reason=class_check action=maybe_recompile pc=0x0000012d4651310c method=java.util.LinkedHashMap.afterNodeInsertion(Z)V @ 15 c2
Event: 333.133 Thread 0x0000012d36cfde60 DEOPT PACKING pc=0x0000012d4651310c sp=0x00000008284fc280
Event: 333.133 Thread 0x0000012d36cfde60 DEOPT UNPACKING pc=0x0000012d3e4cd72e sp=0x00000008284fc1f8 mode 2
Event: 333.276 Thread 0x0000012d36cfde60 Uncommon trap: trap_request=0xffffff45 fr.pc=0x0000012d4645e5e4 relative=0x0000000000000724
Event: 333.276 Thread 0x0000012d36cfde60 Uncommon trap: reason=unstable_if action=reinterpret pc=0x0000012d4645e5e4 method=java.lang.Integer.stringSize(I)I @ 3 c2
Event: 333.276 Thread 0x0000012d36cfde60 DEOPT PACKING pc=0x0000012d4645e5e4 sp=0x00000008284fc240
Event: 333.276 Thread 0x0000012d36cfde60 DEOPT UNPACKING pc=0x0000012d3e4cd72e sp=0x00000008284fc1a0 mode 2
Event: 333.276 Thread 0x0000012d36cfde60 Uncommon trap: trap_request=0xffffff45 fr.pc=0x0000012d464526d0 relative=0x00000000000002b0
Event: 333.276 Thread 0x0000012d36cfde60 Uncommon trap: reason=unstable_if action=reinterpret pc=0x0000012d464526d0 method=java.lang.Integer.getChars(II[B)I @ 4 c2
Event: 333.276 Thread 0x0000012d36cfde60 DEOPT PACKING pc=0x0000012d464526d0 sp=0x00000008284fc1f0
Event: 333.276 Thread 0x0000012d36cfde60 DEOPT UNPACKING pc=0x0000012d3e4cd72e sp=0x00000008284fc180 mode 2
Event: 333.999 Thread 0x0000012d36cfde60 Uncommon trap: trap_request=0xffffff45 fr.pc=0x0000012d46003ae0 relative=0x00000000000001c0
Event: 333.999 Thread 0x0000012d36cfde60 Uncommon trap: reason=unstable_if action=reinterpret pc=0x0000012d46003ae0 method=java.lang.String.startsWith(Ljava/lang/String;I)Z @ 50 c2
Event: 333.999 Thread 0x0000012d36cfde60 DEOPT PACKING pc=0x0000012d46003ae0 sp=0x00000008284fc830
Event: 333.999 Thread 0x0000012d36cfde60 DEOPT UNPACKING pc=0x0000012d3e4cd72e sp=0x00000008284fc738 mode 2

Classes unloaded (6 events):
Event: 65.954 Thread 0x0000012d95139150 Unloading class 0x0000012d552a4280 'org/apache/logging/log4j/core/config/plugins/processor/PluginCache'
Event: 65.954 Thread 0x0000012d95139150 Unloading class 0x0000012d552a4000 'org/apache/logging/log4j/core/config/plugins/processor/PluginProcessor'
Event: 82.564 Thread 0x0000012d95139150 Unloading class 0x0000012d55300a80 'org/apache/logging/log4j/core/config/plugins/processor/PluginCache'
Event: 82.564 Thread 0x0000012d95139150 Unloading class 0x0000012d55300800 'org/apache/logging/log4j/core/config/plugins/processor/PluginProcessor'
Event: 249.901 Thread 0x0000012d95139150 Unloading class 0x0000012d55852000 'GeneratedBySSLR'
Event: 249.901 Thread 0x0000012d95139150 Unloading class 0x0000012d55850000 'GeneratedBySSLR'

Classes redefined (0 events):
No events

Internal exceptions (20 events):
Event: 309.776 Thread 0x0000012d36cfde60 Implicit null exception at 0x0000012d460436af to 0x0000012d46043ac0
Event: 309.776 Thread 0x0000012d36cfde60 Implicit null exception at 0x0000012d46042fef to 0x0000012d460431f8
Event: 310.985 Thread 0x0000012d36cfde60 Exception <a 'java/lang/ArrayIndexOutOfBoundsException'{0x000000008ade9fe8}> (0x000000008ade9fe8) 
thrown [t:\workspace\open\src\hotspot\share\runtime\sharedRuntime.cpp, line 624]
Event: 311.196 Thread 0x0000012d36cfde60 Exception <a 'java/lang/ArrayIndexOutOfBoundsException'{0x0000000097035578}> (0x0000000097035578) 
thrown [t:\workspace\open\src\hotspot\share\runtime\sharedRuntime.cpp, line 624]
Event: 312.920 Thread 0x0000012d36cfde60 Exception <a 'java/lang/ArrayIndexOutOfBoundsException'{0x000000008b6b8128}> (0x000000008b6b8128) 
thrown [t:\workspace\open\src\hotspot\share\runtime\sharedRuntime.cpp, line 624]
Event: 313.125 Thread 0x0000012d36cfde60 Exception <a 'java/lang/ArrayIndexOutOfBoundsException'{0x000000008ac31be8}> (0x000000008ac31be8) 
thrown [t:\workspace\open\src\hotspot\share\runtime\sharedRuntime.cpp, line 624]
Event: 314.828 Thread 0x0000012d36cfde60 Exception <a 'java/lang/ArrayIndexOutOfBoundsException'{0x000000008a7d2670}> (0x000000008a7d2670) 
thrown [t:\workspace\open\src\hotspot\share\runtime\sharedRuntime.cpp, line 624]
Event: 316.419 Thread 0x0000012d36cfde60 Exception <a 'java/lang/ArrayIndexOutOfBoundsException'{0x000000008b0c2038}> (0x000000008b0c2038) 
thrown [t:\workspace\open\src\hotspot\share\runtime\sharedRuntime.cpp, line 624]
Event: 318.366 Thread 0x0000012d36cfde60 Implicit null exception at 0x0000012d46706b71 to 0x0000012d46706d8c
Event: 318.366 Thread 0x0000012d36cfde60 Implicit null exception at 0x0000012d4672d5cf to 0x0000012d4672dd8c
Event: 322.441 Thread 0x0000012d36cfde60 Exception <a 'java/lang/ArrayIndexOutOfBoundsException'{0x000000008aec4118}> (0x000000008aec4118) 
thrown [t:\workspace\open\src\hotspot\share\runtime\sharedRuntime.cpp, line 624]
Event: 322.576 Thread 0x0000012d36cfde60 Exception <a 'java/lang/ArrayIndexOutOfBoundsException'{0x000000008b816878}> (0x000000008b816878) 
thrown [t:\workspace\open\src\hotspot\share\runtime\sharedRuntime.cpp, line 624]
Event: 324.393 Thread 0x0000012d96372aa0 Exception <a 'java/lang/InterruptedException'{0x000000008b7ae740}: sleep interrupted> (0x000000008b7ae740) 
thrown [t:\workspace\open\src\hotspot\share\prims\jvm.cpp, line 3305]
Event: 327.197 Thread 0x0000012d36cfde60 Exception <a 'java/lang/NoSuchMethodError'{0x000000008b784468}: 'void java.lang.invoke.DirectMethodHandle$Holder.invokeInterface(java.lang.Object, java.lang.Object)'> (0x000000008b784468) 
thrown [t:\workspace\open\src\hotspot\share\interpreter\linkResolver.cpp, line 790]
Event: 327.635 Thread 0x0000012d36cfde60 Exception <a 'java/lang/ArrayIndexOutOfBoundsException'{0x000000008b2fbbd8}> (0x000000008b2fbbd8) 
thrown [t:\workspace\open\src\hotspot\share\runtime\sharedRuntime.cpp, line 624]
Event: 327.707 Thread 0x0000012d36cfde60 Exception <a 'java/lang/ArrayIndexOutOfBoundsException'{0x000000008b537760}> (0x000000008b537760) 
thrown [t:\workspace\open\src\hotspot\share\runtime\sharedRuntime.cpp, line 624]
Event: 331.105 Thread 0x0000012d36cfde60 Exception <a 'java/lang/ArrayIndexOutOfBoundsException'{0x000000008af5c1d8}> (0x000000008af5c1d8) 
thrown [t:\workspace\open\src\hotspot\share\runtime\sharedRuntime.cpp, line 624]
Event: 331.178 Thread 0x0000012d36cfde60 Exception <a 'java/lang/ArrayIndexOutOfBoundsException'{0x000000008b09da08}> (0x000000008b09da08) 
thrown [t:\workspace\open\src\hotspot\share\runtime\sharedRuntime.cpp, line 624]
Event: 331.646 Thread 0x0000012d9a44d560 Exception <a 'java/lang/InterruptedException'{0x000000009703b200}: sleep interrupted> (0x000000009703b200) 
thrown [t:\workspace\open\src\hotspot\share\prims\jvm.cpp, line 3305]
Event: 331.793 Thread 0x0000012d36cfde60 Exception <a 'java/lang/NoSuchMethodError'{0x00000000970bc620}: 'java.lang.Object java.lang.invoke.DirectMethodHandle$Holder.invokeStatic(java.lang.Object, int, java.lang.Object)'> (0x00000000970bc620) 
thrown [t:\workspace\open\src\hotspot\share\interpreter\linkResolver.cpp, line 790]

Events (20 events):
Event: 332.344 loading class javax/xml/transform/Source done
Event: 332.344 loading class javax/xml/transform/stream/StreamSource
Event: 332.344 loading class javax/xml/transform/stream/StreamSource done
Event: 332.354 loading class javax/xml/stream/util/XMLEventAllocator
Event: 332.354 loading class javax/xml/stream/util/XMLEventAllocator done
Event: 332.380 loading class javax/xml/stream/XMLResolver
Event: 332.380 loading class javax/xml/stream/XMLResolver done
Event: 332.538 loading class javax/xml/stream/Location
Event: 332.538 loading class javax/xml/stream/Location done
Event: 332.740 loading class javax/xml/stream/events/EntityDeclaration
Event: 332.740 loading class javax/xml/stream/events/EntityDeclaration done
Event: 332.848 loading class java/io/CharArrayReader
Event: 332.848 loading class java/io/CharArrayReader done
Event: 332.863 loading class javax/xml/stream/util/StreamReaderDelegate
Event: 332.989 loading class javax/xml/stream/util/StreamReaderDelegate done
Event: 333.156 loading class java/util/UUID$Holder
Event: 333.157 loading class java/util/UUID$Holder done
Event: 333.631 Executing  VM operation: Cleanup
Event: 333.632 Executing  VM operation: Cleanup done
Event: 333.858 Thread 0x0000012d9a4475c0 Thread added: 0x0000012d9a4475c0


Dynamic libraries:
0x00007ff7288f0000 - 0x00007ff728900000 	C:\Program Files\Java\jdk-16.0.1\bin\java.exe
0x00007ff8553d0000 - 0x00007ff8555c5000 	C:\WINDOWS\SYSTEM32\ntdll.dll
0x00007ff853e60000 - 0x00007ff853f1d000 	C:\WINDOWS\System32\KERNEL32.DLL
0x00007ff852e60000 - 0x00007ff853128000 	C:\WINDOWS\System32\KERNELBASE.dll
0x00007ff853130000 - 0x00007ff853230000 	C:\WINDOWS\System32\ucrtbase.dll
0x00007ff83ff10000 - 0x00007ff83ff29000 	C:\Program Files\Java\jdk-16.0.1\bin\VCRUNTIME140.dll
0x00007ff83ff30000 - 0x00007ff83ff48000 	C:\Program Files\Java\jdk-16.0.1\bin\jli.dll
0x00007ff854370000 - 0x00007ff85441c000 	C:\WINDOWS\System32\ADVAPI32.dll
0x00007ff853bb0000 - 0x00007ff853c4e000 	C:\WINDOWS\System32\msvcrt.dll
0x00007ff854480000 - 0x00007ff85451b000 	C:\WINDOWS\System32\sechost.dll
0x00007ff854520000 - 0x00007ff85464b000 	C:\WINDOWS\System32\RPCRT4.dll
0x00007ff854690000 - 0x00007ff854830000 	C:\WINDOWS\System32\USER32.dll
0x00007ff852c80000 - 0x00007ff852ca2000 	C:\WINDOWS\System32\win32u.dll
0x00007ff853b80000 - 0x00007ff853baa000 	C:\WINDOWS\System32\GDI32.dll
0x00007ff852d50000 - 0x00007ff852e5b000 	C:\WINDOWS\System32\gdi32full.dll
0x00007ff852cb0000 - 0x00007ff852d4d000 	C:\WINDOWS\System32\msvcp_win.dll
0x00007ff851ed0000 - 0x00007ff85216a000 	C:\WINDOWS\WinSxS\amd64_microsoft.windows.common-controls_6595b64144ccf1df_6.0.19041.1052_none_60b8f8fd71f5e8cb\COMCTL32.dll
0x00007ff848b10000 - 0x00007ff848b1a000 	C:\WINDOWS\SYSTEM32\VERSION.dll
0x00007ff854650000 - 0x00007ff854680000 	C:\WINDOWS\System32\IMM32.DLL
0x00007ff84bc60000 - 0x00007ff84bc6c000 	C:\Program Files\Java\jdk-16.0.1\bin\vcruntime140_1.dll
0x00007ff83efe0000 - 0x00007ff83f071000 	C:\Program Files\Java\jdk-16.0.1\bin\msvcp140.dll
0x00007ff801ae0000 - 0x00007ff80268b000 	C:\Program Files\Java\jdk-16.0.1\bin\server\jvm.dll
0x00007ff8541b0000 - 0x00007ff8541b8000 	C:\WINDOWS\System32\PSAPI.DLL
0x00007ff84cfa0000 - 0x00007ff84cfa9000 	C:\WINDOWS\SYSTEM32\WSOCK32.dll
0x00007ff854140000 - 0x00007ff8541ab000 	C:\WINDOWS\System32\WS2_32.dll
0x00007ff844ca0000 - 0x00007ff844cc7000 	C:\WINDOWS\SYSTEM32\WINMM.dll
0x00007ff851140000 - 0x00007ff851152000 	C:\WINDOWS\SYSTEM32\kernel.appcore.dll
0x00007ff84ba40000 - 0x00007ff84ba4a000 	C:\Program Files\Java\jdk-16.0.1\bin\jimage.dll
0x00007ff852590000 - 0x00007ff852774000 	C:\WINDOWS\SYSTEM32\DBGHELP.DLL
0x00007ff8522f0000 - 0x00007ff85231c000 	C:\WINDOWS\SYSTEM32\dbgcore.DLL
0x00007ff852bf0000 - 0x00007ff852c73000 	C:\WINDOWS\System32\bcryptPrimitives.dll
0x00007ff83f190000 - 0x00007ff83f1b5000 	C:\Program Files\Java\jdk-16.0.1\bin\java.dll
0x00007ff853440000 - 0x00007ff853b7f000 	C:\WINDOWS\System32\SHELL32.dll
0x00007ff8503e0000 - 0x00007ff850b70000 	C:\WINDOWS\SYSTEM32\windows.storage.dll
0x00007ff855030000 - 0x00007ff855385000 	C:\WINDOWS\System32\combase.dll
0x00007ff851e30000 - 0x00007ff851e5c000 	C:\WINDOWS\SYSTEM32\Wldp.dll
0x00007ff854830000 - 0x00007ff8548de000 	C:\WINDOWS\System32\SHCORE.dll
0x00007ff854ea0000 - 0x00007ff854ef5000 	C:\WINDOWS\System32\shlwapi.dll
0x00007ff852a50000 - 0x00007ff852a6f000 	C:\WINDOWS\SYSTEM32\profapi.dll
0x00007ff845cc0000 - 0x00007ff845cd9000 	C:\Program Files\Java\jdk-16.0.1\bin\net.dll
0x00007ff848760000 - 0x00007ff84886b000 	C:\WINDOWS\SYSTEM32\WINHTTP.dll
0x00007ff851bc0000 - 0x00007ff851c2a000 	C:\WINDOWS\system32\mswsock.dll
0x00007ff83f320000 - 0x00007ff83f333000 	C:\Program Files\Java\jdk-16.0.1\bin\nio.dll
0x00007ff83f300000 - 0x00007ff83f318000 	C:\Program Files\Java\jdk-16.0.1\bin\zip.dll
0x00007ff84c0a0000 - 0x00007ff84c0b0000 	C:\Program Files\Java\jdk-16.0.1\bin\verify.dll
0x00007ff84fbf0000 - 0x00007ff84fbfa000 	C:\Program Files\apache-maven-3.8.1-bin\apache-maven-3.8.1\lib\jansi-native\windows64\jansi.dll
0x00007ff8528c0000 - 0x00007ff8528d8000 	C:\WINDOWS\SYSTEM32\CRYPTSP.dll
0x00007ff851560000 - 0x00007ff851594000 	C:\WINDOWS\system32\rsaenh.dll
0x00007ff852bc0000 - 0x00007ff852be7000 	C:\WINDOWS\System32\bcrypt.dll
0x00007ff852a10000 - 0x00007ff852a3e000 	C:\WINDOWS\SYSTEM32\USERENV.dll
0x00007ff851d90000 - 0x00007ff851d9c000 	C:\WINDOWS\SYSTEM32\CRYPTBASE.dll
0x00007ff8518b0000 - 0x00007ff8518eb000 	C:\WINDOWS\SYSTEM32\IPHLPAPI.DLL
0x00007ff853c50000 - 0x00007ff853c58000 	C:\WINDOWS\System32\NSI.dll
0x00007ff849eb0000 - 0x00007ff849ec7000 	C:\WINDOWS\SYSTEM32\dhcpcsvc6.DLL
0x00007ff849700000 - 0x00007ff84971d000 	C:\WINDOWS\SYSTEM32\dhcpcsvc.DLL
0x00007ff851900000 - 0x00007ff8519cc000 	C:\WINDOWS\SYSTEM32\DNSAPI.dll
0x00007ff84a400000 - 0x00007ff84a40e000 	C:\Program Files\Java\jdk-16.0.1\bin\sunmscapi.dll
0x00007ff853230000 - 0x00007ff85338f000 	C:\WINDOWS\System32\CRYPT32.dll
0x00007ff851ea0000 - 0x00007ff851ec7000 	C:\WINDOWS\SYSTEM32\ncrypt.dll
0x00007ff851e60000 - 0x00007ff851e9b000 	C:\WINDOWS\SYSTEM32\NTASN1.dll
0x00007ff84aa70000 - 0x00007ff84aa7a000 	C:\Windows\System32\rasadhlp.dll
0x00007ff840fa0000 - 0x00007ff84101f000 	C:\WINDOWS\System32\fwpuclnt.dll

dbghelp: loaded successfully - version: 4.0.5 - missing functions: none
symbol engine: initialized successfully - sym options: 0x614 - pdb path: .;C:\Program Files\Java\jdk-16.0.1\bin;C:\WINDOWS\SYSTEM32;C:\WINDOWS\WinSxS\amd64_microsoft.windows.common-controls_6595b64144ccf1df_6.0.19041.1052_none_60b8f8fd71f5e8cb;C:\Program Files\Java\jdk-16.0.1\bin\server;C:\Program Files\apache-maven-3.8.1-bin\apache-maven-3.8.1\lib\jansi-native\windows64

VM Arguments:
jvm_args: -Dclassworlds.conf=C:\Program Files\apache-maven-3.8.1-bin\apache-maven-3.8.1\bin\..\bin\m2.conf -Dmaven.home=C:\Program Files\apache-maven-3.8.1-bin\apache-maven-3.8.1\bin\.. -Dlibrary.jansi.path=C:\Program Files\apache-maven-3.8.1-bin\apache-maven-3.8.1\bin\..\lib\jansi-native -Dmaven.multiModuleProjectDirectory=C:\Users\Ramya\Downloads\ReskillProject-master\ReskillProject-master\ProductMS 
java_command: org.codehaus.plexus.classworlds.launcher.Launcher clean package sonar:sonar -Dsonar.host.url=https://sonarcloud.io -Dsonar.organization=ramyakovida -Dsonar.login=b31bfe597e87bcbb17949db5eca42fa5202ca168
java_class_path (initial): C:\Program Files\apache-maven-3.8.1-bin\apache-maven-3.8.1\bin\..\boot\plexus-classworlds-2.6.0.jar
Launcher Type: SUN_STANDARD

[Global flags]
     intx CICompilerCount                          = 3                                         {product} {ergonomic}
     uint ConcGCThreads                            = 1                                         {product} {ergonomic}
     uint G1ConcRefinementThreads                  = 4                                         {product} {ergonomic}
   size_t G1HeapRegionSize                         = 1048576                                   {product} {ergonomic}
    uintx GCDrainStackTargetSize                   = 64                                        {product} {ergonomic}
   size_t InitialHeapSize                          = 134217728                                 {product} {ergonomic}
   size_t MarkStackSize                            = 4194304                                   {product} {ergonomic}
   size_t MaxHeapSize                              = 2126512128                                {product} {ergonomic}
   size_t MaxNewSize                               = 1275068416                                {product} {ergonomic}
   size_t MinHeapDeltaBytes                        = 1048576                                   {product} {ergonomic}
   size_t MinHeapSize                              = 8388608                                   {product} {ergonomic}
    uintx NonNMethodCodeHeapSize                   = 5832780                                {pd product} {ergonomic}
    uintx NonProfiledCodeHeapSize                  = 122912730                              {pd product} {ergonomic}
    uintx ProfiledCodeHeapSize                     = 122912730                              {pd product} {ergonomic}
    uintx ReservedCodeCacheSize                    = 251658240                              {pd product} {ergonomic}
     bool SegmentedCodeCache                       = true                                      {product} {ergonomic}
   size_t SoftMaxHeapSize                          = 2126512128                             {manageable} {ergonomic}
     bool UseCompressedClassPointers               = true                           {product lp64_product} {ergonomic}
     bool UseCompressedOops                        = true                           {product lp64_product} {ergonomic}
     bool UseG1GC                                  = true                                      {product} {ergonomic}
     bool UseLargePagesIndividualAllocation        = false                                  {pd product} {ergonomic}

Logging:
Log output configuration:
 #0: stdout all=warning uptime,level,tags
 #1: stderr all=off uptime,level,tags

Environment Variables:
JAVA_HOME=C:\Program Files\Java\jdk-16.0.1
PATH=C:\Program Files\apache-maven-3.8.1-bin\apache-maven-3.8.1\bin;C:\Program Files\Common Files\Oracle\Java\javapath;C:\Program Files (x86)\Intel\iCLS Client\;C:\Program Files\Intel\iCLS Client\;C:\WINDOWS\system32;C:\WINDOWS;C:\WINDOWS\System32\Wbem;C:\WINDOWS\System32\WindowsPowerShell\v1.0\;C:\Program Files (x86)\Intel\Intel(R) Management Engine Components\DAL;C:\Program Files\Intel\Intel(R) Management Engine Components\DAL;C:\Program Files (x86)\Intel\Intel(R) Management Engine Components\IPT;C:\Program Files\Intel\Intel(R) Management Engine Components\IPT;C:\WINDOWS\System32\OpenSSH\;C:\Program Files\PuTTY\;C:\Program Files\Git\cmd;C:\Program Files\Java\jdk-16.0.1\bin;C:\Program Files\apache-maven-3.8.1-bin\apache-maven-3.8.1\bin;%JAVA_HOME%\bin;C:\Program Files\apache-maven-3.8.1-bin\apache-maven-3.8.1\bin;C:\Program Files\Common Files\Oracle\Java\javapath;C:\Program Files (x86)\Intel\iCLS Client\;C:\Program Files\Intel\iCLS Client\;C:\WINDOWS\system32;C:\WINDOWS;C:\WINDOWS\System32\Wbem;C:\WINDOWS\System32\WindowsPowerShell\v1.0\;C:\Program Files (x86)\Intel\Intel(R) Management Engine Components\DAL;C:\Program Files\Intel\Intel(R) Management Engine Components\DAL;C:\Program Files (x86)\Intel\Intel(R) Management Engine Components\IPT;C:\Program Files\Intel\Intel(R) Management Engine Components\IPT;C:\WINDOWS\System32\OpenSSH\;C:\Program Files\PuTTY\;C:\Program Files\Git\cmd;C:\Program Files\MySQL\MySQL Shell 8.0\bin\;C:\Users\Ramya\AppData\Local\Microsoft\WindowsApps;C:\Users\Ramya\AppData\Local\Programs\Microsoft VS Code\bin;C:\Program Files\Java\jdk-16.0.1\bin;
USERNAME=Ramya
OS=Windows_NT
PROCESSOR_IDENTIFIER=Intel64 Family 6 Model 142 Stepping 9, GenuineIntel



---------------  S Y S T E M  ---------------

OS:
 Windows 10 , 64 bit Build 19041 (10.0.19041.1023)
OS uptime: 0 days 2:53 hours

CPU: total 4 (initial active 4) (2 cores per cpu, 2 threads per core) family 6 model 142 stepping 9 microcode 0xde, cx8, cmov, fxsr, ht, mmx, 3dnowpref, sse, sse2, sse3, ssse3, sse4.1, sse4.2, popcnt, lzcnt, tsc, tscinvbit, avx, avx2, aes, erms, clmul, bmi1, bmi2, adx, fma, vzeroupper, clflush, clflushopt

Memory: 4k page, system-wide physical 8108M (343M free)
TotalPageFile size 32684M (AvailPageFile size 9M)
current process WorkingSet (physical memory assigned to process): 426M, peak: 452M
current process commit charge ("private bytes"): 447M, peak: 501M

vm_info: Java HotSpot(TM) 64-Bit Server VM (16.0.1+9-24) for windows-amd64 JRE (16.0.1+9-24), built on Mar 26 2021 19:31:42 by "mach5one" with MS VC++ 16.7 (VS2019)

END.
