#
# There is insufficient memory for the Java Runtime Environment to continue.
# Native memory allocation (malloc) failed to allocate 32744 bytes for ChunkPool::allocate
# Possible reasons:
#   The system is out of physical RAM or swap space
#   The process is running with CompressedOops enabled, and the Java Heap may be blocking the growth of the native heap
# Possible solutions:
#   Reduce memory load on the system
#   Increase physical memory or swap space
#   Check if swap backing store is full
#   Decrease Java heap size (-Xmx/-Xms)
#   Decrease number of Java threads
#   Decrease Java thread stack sizes (-Xss)
#   Set larger code cache with -XX:ReservedCodeCacheSize=
#   JVM is running with Unscaled Compressed Oops mode in which the Java heap is
#     placed in the first 4GB address space. The Java Heap base address is the
#     maximum limit for the native heap growth. Please use -XX:HeapBaseMinAddress
#     to set the Java Heap base and to place the Java Heap above 4GB virtual address.
# This output file may be truncated or incomplete.
#
#  Out of Memory Error (arena.cpp:79), pid=19024, tid=3856
#
# JRE version: Java(TM) SE Runtime Environment (16.0.1+9) (build 16.0.1+9-24)
# Java VM: Java HotSpot(TM) 64-Bit Server VM (16.0.1+9-24, mixed mode, sharing, tiered, compressed oops, compressed class ptrs, g1 gc, windows-amd64)
# No core dump will be written. Minidumps are not enabled by default on client versions of Windows
#

---------------  S U M M A R Y ------------

Command Line: -Dclassworlds.conf=C:\Program Files\apache-maven-3.8.1-bin\apache-maven-3.8.1\bin\..\bin\m2.conf -Dmaven.home=C:\Program Files\apache-maven-3.8.1-bin\apache-maven-3.8.1\bin\.. -Dlibrary.jansi.path=C:\Program Files\apache-maven-3.8.1-bin\apache-maven-3.8.1\bin\..\lib\jansi-native -Dmaven.multiModuleProjectDirectory=C:\Users\Ramya\Downloads\ReskillProject-master\ReskillProject-master\ProductMS org.codehaus.plexus.classworlds.launcher.Launcher clean package sonar:sonar -Dsonar.host.url=https://sonarcloud.io -Dsonar.organization=ramyakovida -Dsonar.login=b31bfe597e87bcbb17949db5eca42fa5202ca168

Host: Intel(R) Core(TM) i5-7200U CPU @ 2.50GHz, 4 cores, 7G,  Windows 10 , 64 bit Build 19041 (10.0.19041.1023)
Time: Mon Jun 28 11:48:50 2021 India Standard Time elapsed time: 21.726459 seconds (0d 0h 0m 21s)

---------------  T H R E A D  ---------------

Current thread (0x00000173eaea7bd0):  JavaThread "C2 CompilerThread0" daemon [_thread_in_native, id=3856, stack(0x00000018bc600000,0x00000018bc700000)]


Current CompileTask:
C2:  21726 1285       4       java.nio.DirectByteBufferR::slice (66 bytes)

Stack: [0x00000018bc600000,0x00000018bc700000]
Native frames: (J=compiled Java code, j=interpreted, Vv=VM code, C=native code)
V  [jvm.dll+0x6687ca]
V  [jvm.dll+0x7ca3c9]
V  [jvm.dll+0x7cbb53]
V  [jvm.dll+0x7cc1b3]
V  [jvm.dll+0x242ea5]
V  [jvm.dll+0xae25f]
V  [jvm.dll+0xae5ac]
V  [jvm.dll+0x11ba88]
V  [jvm.dll+0x692261]
V  [jvm.dll+0x1b9ffd]
V  [jvm.dll+0x216066]
V  [jvm.dll+0x215350]
V  [jvm.dll+0x1a1d9b]
V  [jvm.dll+0x2253a8]
V  [jvm.dll+0x2233ec]
V  [jvm.dll+0x780002]
V  [jvm.dll+0x779b4a]
V  [jvm.dll+0x667666]
C  [ucrtbase.dll+0x21bb2]
C  [KERNEL32.DLL+0x17034]
C  [ntdll.dll+0x52651]


---------------  P R O C E S S  ---------------

Threads class SMR info:
_java_thread_list=0x00000173eb97c960, length=12, elements={
0x00000173cd741000, 0x00000173eae91bb0, 0x00000173eae92980, 0x00000173eaea2190,
0x00000173eaea3cb0, 0x00000173eaea65d0, 0x00000173eaea6ee0, 0x00000173eaea7bd0,
0x00000173eaeab000, 0x00000173eaf0ec40, 0x00000173eb99a480, 0x00000173eb99ac90
}

Java Threads: ( => current thread )
  0x00000173cd741000 JavaThread "main" [_thread_in_native, id=5184, stack(0x00000018bb900000,0x00000018bba00000)]
  0x00000173eae91bb0 JavaThread "Reference Handler" daemon [_thread_blocked, id=16648, stack(0x00000018bc000000,0x00000018bc100000)]
  0x00000173eae92980 JavaThread "Finalizer" daemon [_thread_blocked, id=16528, stack(0x00000018bc100000,0x00000018bc200000)]
  0x00000173eaea2190 JavaThread "Signal Dispatcher" daemon [_thread_blocked, id=9640, stack(0x00000018bc200000,0x00000018bc300000)]
  0x00000173eaea3cb0 JavaThread "Attach Listener" daemon [_thread_blocked, id=16948, stack(0x00000018bc300000,0x00000018bc400000)]
  0x00000173eaea65d0 JavaThread "Service Thread" daemon [_thread_blocked, id=11712, stack(0x00000018bc400000,0x00000018bc500000)]
  0x00000173eaea6ee0 JavaThread "Monitor Deflation Thread" daemon [_thread_blocked, id=16404, stack(0x00000018bc500000,0x00000018bc600000)]
=>0x00000173eaea7bd0 JavaThread "C2 CompilerThread0" daemon [_thread_in_native, id=3856, stack(0x00000018bc600000,0x00000018bc700000)]
  0x00000173eaeab000 JavaThread "C1 CompilerThread0" daemon [_thread_in_native, id=3312, stack(0x00000018bc700000,0x00000018bc800000)]
  0x00000173eaf0ec40 JavaThread "Sweeper thread" daemon [_thread_blocked, id=18044, stack(0x00000018bc800000,0x00000018bc900000)]
  0x00000173eb99a480 JavaThread "Notification Thread" daemon [_thread_blocked, id=11972, stack(0x00000018bc900000,0x00000018bca00000)]
  0x00000173eb99ac90 JavaThread "Common-Cleaner" daemon [_thread_blocked, id=2608, stack(0x00000018bcb00000,0x00000018bcc00000)]

Other Threads:
  0x00000173eae8c9c0 VMThread "VM Thread" [stack: 0x00000018bbf00000,0x00000018bc000000] [id=18764]
  0x00000173eb99a9a0 WatcherThread [stack: 0x00000018bca00000,0x00000018bcb00000] [id=10272]
  0x00000173cd780fd0 GCTaskThread "GC Thread#0" [stack: 0x00000018bba00000,0x00000018bbb00000] [id=7304]
  0x00000173ebf14440 GCTaskThread "GC Thread#1" [stack: 0x00000018bcc00000,0x00000018bcd00000] [id=18600]
  0x00000173ebed0bb0 GCTaskThread "GC Thread#2" [stack: 0x00000018bcd00000,0x00000018bce00000] [id=17248]
  0x00000173ebead580 GCTaskThread "GC Thread#3" [stack: 0x00000018bce00000,0x00000018bcf00000] [id=15872]
  0x00000173cd791ca0 ConcurrentGCThread "G1 Main Marker" [stack: 0x00000018bbb00000,0x00000018bbc00000] [id=19416]
  0x00000173cd792620 ConcurrentGCThread "G1 Conc#0" [stack: 0x00000018bbc00000,0x00000018bbd00000] [id=19116]
  0x00000173cd809090 ConcurrentGCThread "G1 Refine#0" [stack: 0x00000018bbd00000,0x00000018bbe00000] [id=15848]
  0x00000173ebed37c0 ConcurrentGCThread "G1 Refine#1" [stack: 0x00000018bcf00000,0x00000018bd000000] [id=12552]
  0x00000173cd809a20 ConcurrentGCThread "G1 Service" [stack: 0x00000018bbe00000,0x00000018bbf00000] [id=18452]

Threads with active compile tasks:
C2 CompilerThread0    22336 1285       4       java.nio.DirectByteBufferR::slice (66 bytes)
C1 CompilerThread0    22336 1289       3       sun.nio.fs.WindowsPathParser::parse (384 bytes)

VM state: not at safepoint (normal execution)

VM Mutex/Monitor currently owned by a thread: None

Heap address: 0x0000000081400000, size: 2028 MB, Compressed Oops mode: 32-bit

CDS archive(s) mapped at: [0x0000000800000000-0x0000000800bb0000-0x0000000800bb0000), size 12255232, SharedBaseAddress: 0x0000000800000000, ArchiveRelocationMode: 0.
Compressed class space mapped at: 0x0000000800c00000-0x0000000840c00000, reserved size: 1073741824
Narrow klass base: 0x0000000800000000, Narrow klass shift: 3, Narrow klass range: 0x100000000

GC Precious Log:
 CPUs: 4 total, 4 available
 Memory: 8108M
 Large Page Support: Disabled
 NUMA Support: Disabled
 Compressed Oops: Enabled (32-bit)
 Heap Region Size: 1M
 Heap Min Capacity: 8M
 Heap Initial Capacity: 128M
 Heap Max Capacity: 2028M
 Pre-touch: Disabled
 Parallel Workers: 4
 Concurrent Workers: 1
 Concurrent Refinement Workers: 4
 Periodic GC: Disabled

Heap:
 garbage-first heap   total 131072K, used 19411K [0x0000000081400000, 0x0000000100000000)
  region size 1024K, 17 young (17408K), 1 survivors (1024K)
 Metaspace       used 6458K, committed 6592K, reserved 1056768K
  class space    used 725K, committed 768K, reserved 1048576K

Heap Regions: E=young(eden), S=young(survivor), O=old, HS=humongous(starts), HC=humongous(continues), CS=collection set, F=free, OA=open archive, CA=closed archive, TAMS=top-at-mark-start (previous, next)
|   0|0x0000000081400000, 0x0000000081500000, 0x0000000081500000|100%| O|  |TAMS 0x0000000081400000, 0x0000000081400000| Untracked 
|   1|0x0000000081500000, 0x0000000081600000, 0x0000000081600000|100%| O|  |TAMS 0x0000000081500000, 0x0000000081500000| Untracked 
|   2|0x0000000081600000, 0x0000000081700000, 0x0000000081700000|100%| O|  |TAMS 0x0000000081600000, 0x0000000081600000| Untracked 
|   3|0x0000000081700000, 0x0000000081754800, 0x0000000081800000| 33%| O|  |TAMS 0x0000000081700000, 0x0000000081700000| Untracked 
|   4|0x0000000081800000, 0x0000000081800000, 0x0000000081900000|  0%| F|  |TAMS 0x0000000081800000, 0x0000000081800000| Untracked 
|   5|0x0000000081900000, 0x0000000081900000, 0x0000000081a00000|  0%| F|  |TAMS 0x0000000081900000, 0x0000000081900000| Untracked 
|   6|0x0000000081a00000, 0x0000000081a00000, 0x0000000081b00000|  0%| F|  |TAMS 0x0000000081a00000, 0x0000000081a00000| Untracked 
|   7|0x0000000081b00000, 0x0000000081b00000, 0x0000000081c00000|  0%| F|  |TAMS 0x0000000081b00000, 0x0000000081b00000| Untracked 
|   8|0x0000000081c00000, 0x0000000081c00000, 0x0000000081d00000|  0%| F|  |TAMS 0x0000000081c00000, 0x0000000081c00000| Untracked 
|   9|0x0000000081d00000, 0x0000000081d00000, 0x0000000081e00000|  0%| F|  |TAMS 0x0000000081d00000, 0x0000000081d00000| Untracked 
|  10|0x0000000081e00000, 0x0000000081e00000, 0x0000000081f00000|  0%| F|  |TAMS 0x0000000081e00000, 0x0000000081e00000| Untracked 
|  11|0x0000000081f00000, 0x0000000081f00000, 0x0000000082000000|  0%| F|  |TAMS 0x0000000081f00000, 0x0000000081f00000| Untracked 
|  12|0x0000000082000000, 0x0000000082000000, 0x0000000082100000|  0%| F|  |TAMS 0x0000000082000000, 0x0000000082000000| Untracked 
|  13|0x0000000082100000, 0x0000000082100000, 0x0000000082200000|  0%| F|  |TAMS 0x0000000082100000, 0x0000000082100000| Untracked 
|  14|0x0000000082200000, 0x0000000082200000, 0x0000000082300000|  0%| F|  |TAMS 0x0000000082200000, 0x0000000082200000| Untracked 
|  15|0x0000000082300000, 0x0000000082300000, 0x0000000082400000|  0%| F|  |TAMS 0x0000000082300000, 0x0000000082300000| Untracked 
|  16|0x0000000082400000, 0x0000000082400000, 0x0000000082500000|  0%| F|  |TAMS 0x0000000082400000, 0x0000000082400000| Untracked 
|  17|0x0000000082500000, 0x0000000082500000, 0x0000000082600000|  0%| F|  |TAMS 0x0000000082500000, 0x0000000082500000| Untracked 
|  18|0x0000000082600000, 0x0000000082600000, 0x0000000082700000|  0%| F|  |TAMS 0x0000000082600000, 0x0000000082600000| Untracked 
|  19|0x0000000082700000, 0x0000000082700000, 0x0000000082800000|  0%| F|  |TAMS 0x0000000082700000, 0x0000000082700000| Untracked 
|  20|0x0000000082800000, 0x0000000082800000, 0x0000000082900000|  0%| F|  |TAMS 0x0000000082800000, 0x0000000082800000| Untracked 
|  21|0x0000000082900000, 0x0000000082900000, 0x0000000082a00000|  0%| F|  |TAMS 0x0000000082900000, 0x0000000082900000| Untracked 
|  22|0x0000000082a00000, 0x0000000082a00000, 0x0000000082b00000|  0%| F|  |TAMS 0x0000000082a00000, 0x0000000082a00000| Untracked 
|  23|0x0000000082b00000, 0x0000000082b00000, 0x0000000082c00000|  0%| F|  |TAMS 0x0000000082b00000, 0x0000000082b00000| Untracked 
|  24|0x0000000082c00000, 0x0000000082c00000, 0x0000000082d00000|  0%| F|  |TAMS 0x0000000082c00000, 0x0000000082c00000| Untracked 
|  25|0x0000000082d00000, 0x0000000082d00000, 0x0000000082e00000|  0%| F|  |TAMS 0x0000000082d00000, 0x0000000082d00000| Untracked 
|  26|0x0000000082e00000, 0x0000000082e00000, 0x0000000082f00000|  0%| F|  |TAMS 0x0000000082e00000, 0x0000000082e00000| Untracked 
|  27|0x0000000082f00000, 0x0000000082f00000, 0x0000000083000000|  0%| F|  |TAMS 0x0000000082f00000, 0x0000000082f00000| Untracked 
|  28|0x0000000083000000, 0x0000000083000000, 0x0000000083100000|  0%| F|  |TAMS 0x0000000083000000, 0x0000000083000000| Untracked 
|  29|0x0000000083100000, 0x0000000083100000, 0x0000000083200000|  0%| F|  |TAMS 0x0000000083100000, 0x0000000083100000| Untracked 
|  30|0x0000000083200000, 0x0000000083200000, 0x0000000083300000|  0%| F|  |TAMS 0x0000000083200000, 0x0000000083200000| Untracked 
|  31|0x0000000083300000, 0x0000000083300000, 0x0000000083400000|  0%| F|  |TAMS 0x0000000083300000, 0x0000000083300000| Untracked 
|  32|0x0000000083400000, 0x0000000083400000, 0x0000000083500000|  0%| F|  |TAMS 0x0000000083400000, 0x0000000083400000| Untracked 
|  33|0x0000000083500000, 0x0000000083500000, 0x0000000083600000|  0%| F|  |TAMS 0x0000000083500000, 0x0000000083500000| Untracked 
|  34|0x0000000083600000, 0x0000000083600000, 0x0000000083700000|  0%| F|  |TAMS 0x0000000083600000, 0x0000000083600000| Untracked 
|  35|0x0000000083700000, 0x0000000083700000, 0x0000000083800000|  0%| F|  |TAMS 0x0000000083700000, 0x0000000083700000| Untracked 
|  36|0x0000000083800000, 0x0000000083800000, 0x0000000083900000|  0%| F|  |TAMS 0x0000000083800000, 0x0000000083800000| Untracked 
|  37|0x0000000083900000, 0x0000000083900000, 0x0000000083a00000|  0%| F|  |TAMS 0x0000000083900000, 0x0000000083900000| Untracked 
|  38|0x0000000083a00000, 0x0000000083a00000, 0x0000000083b00000|  0%| F|  |TAMS 0x0000000083a00000, 0x0000000083a00000| Untracked 
|  39|0x0000000083b00000, 0x0000000083b00000, 0x0000000083c00000|  0%| F|  |TAMS 0x0000000083b00000, 0x0000000083b00000| Untracked 
|  40|0x0000000083c00000, 0x0000000083c00000, 0x0000000083d00000|  0%| F|  |TAMS 0x0000000083c00000, 0x0000000083c00000| Untracked 
|  41|0x0000000083d00000, 0x0000000083d00000, 0x0000000083e00000|  0%| F|  |TAMS 0x0000000083d00000, 0x0000000083d00000| Untracked 
|  42|0x0000000083e00000, 0x0000000083e00000, 0x0000000083f00000|  0%| F|  |TAMS 0x0000000083e00000, 0x0000000083e00000| Untracked 
|  43|0x0000000083f00000, 0x0000000083f00000, 0x0000000084000000|  0%| F|  |TAMS 0x0000000083f00000, 0x0000000083f00000| Untracked 
|  44|0x0000000084000000, 0x0000000084000000, 0x0000000084100000|  0%| F|  |TAMS 0x0000000084000000, 0x0000000084000000| Untracked 
|  45|0x0000000084100000, 0x0000000084100000, 0x0000000084200000|  0%| F|  |TAMS 0x0000000084100000, 0x0000000084100000| Untracked 
|  46|0x0000000084200000, 0x0000000084200000, 0x0000000084300000|  0%| F|  |TAMS 0x0000000084200000, 0x0000000084200000| Untracked 
|  47|0x0000000084300000, 0x0000000084300000, 0x0000000084400000|  0%| F|  |TAMS 0x0000000084300000, 0x0000000084300000| Untracked 
|  48|0x0000000084400000, 0x0000000084400000, 0x0000000084500000|  0%| F|  |TAMS 0x0000000084400000, 0x0000000084400000| Untracked 
|  49|0x0000000084500000, 0x0000000084500000, 0x0000000084600000|  0%| F|  |TAMS 0x0000000084500000, 0x0000000084500000| Untracked 
|  50|0x0000000084600000, 0x0000000084600000, 0x0000000084700000|  0%| F|  |TAMS 0x0000000084600000, 0x0000000084600000| Untracked 
|  51|0x0000000084700000, 0x0000000084700000, 0x0000000084800000|  0%| F|  |TAMS 0x0000000084700000, 0x0000000084700000| Untracked 
|  52|0x0000000084800000, 0x0000000084800000, 0x0000000084900000|  0%| F|  |TAMS 0x0000000084800000, 0x0000000084800000| Untracked 
|  53|0x0000000084900000, 0x0000000084900000, 0x0000000084a00000|  0%| F|  |TAMS 0x0000000084900000, 0x0000000084900000| Untracked 
|  54|0x0000000084a00000, 0x0000000084a00000, 0x0000000084b00000|  0%| F|  |TAMS 0x0000000084a00000, 0x0000000084a00000| Untracked 
|  55|0x0000000084b00000, 0x0000000084b00000, 0x0000000084c00000|  0%| F|  |TAMS 0x0000000084b00000, 0x0000000084b00000| Untracked 
|  56|0x0000000084c00000, 0x0000000084c00000, 0x0000000084d00000|  0%| F|  |TAMS 0x0000000084c00000, 0x0000000084c00000| Untracked 
|  57|0x0000000084d00000, 0x0000000084d00000, 0x0000000084e00000|  0%| F|  |TAMS 0x0000000084d00000, 0x0000000084d00000| Untracked 
|  58|0x0000000084e00000, 0x0000000084e00000, 0x0000000084f00000|  0%| F|  |TAMS 0x0000000084e00000, 0x0000000084e00000| Untracked 
|  59|0x0000000084f00000, 0x0000000084f00000, 0x0000000085000000|  0%| F|  |TAMS 0x0000000084f00000, 0x0000000084f00000| Untracked 
|  60|0x0000000085000000, 0x0000000085000000, 0x0000000085100000|  0%| F|  |TAMS 0x0000000085000000, 0x0000000085000000| Untracked 
|  61|0x0000000085100000, 0x0000000085100000, 0x0000000085200000|  0%| F|  |TAMS 0x0000000085100000, 0x0000000085100000| Untracked 
|  62|0x0000000085200000, 0x0000000085200000, 0x0000000085300000|  0%| F|  |TAMS 0x0000000085200000, 0x0000000085200000| Untracked 
|  63|0x0000000085300000, 0x0000000085300000, 0x0000000085400000|  0%| F|  |TAMS 0x0000000085300000, 0x0000000085300000| Untracked 
|  64|0x0000000085400000, 0x0000000085400000, 0x0000000085500000|  0%| F|  |TAMS 0x0000000085400000, 0x0000000085400000| Untracked 
|  65|0x0000000085500000, 0x0000000085500000, 0x0000000085600000|  0%| F|  |TAMS 0x0000000085500000, 0x0000000085500000| Untracked 
|  66|0x0000000085600000, 0x0000000085600000, 0x0000000085700000|  0%| F|  |TAMS 0x0000000085600000, 0x0000000085600000| Untracked 
|  67|0x0000000085700000, 0x0000000085700000, 0x0000000085800000|  0%| F|  |TAMS 0x0000000085700000, 0x0000000085700000| Untracked 
|  68|0x0000000085800000, 0x0000000085800000, 0x0000000085900000|  0%| F|  |TAMS 0x0000000085800000, 0x0000000085800000| Untracked 
|  69|0x0000000085900000, 0x0000000085900000, 0x0000000085a00000|  0%| F|  |TAMS 0x0000000085900000, 0x0000000085900000| Untracked 
|  70|0x0000000085a00000, 0x0000000085a00000, 0x0000000085b00000|  0%| F|  |TAMS 0x0000000085a00000, 0x0000000085a00000| Untracked 
|  71|0x0000000085b00000, 0x0000000085b00000, 0x0000000085c00000|  0%| F|  |TAMS 0x0000000085b00000, 0x0000000085b00000| Untracked 
|  72|0x0000000085c00000, 0x0000000085c00000, 0x0000000085d00000|  0%| F|  |TAMS 0x0000000085c00000, 0x0000000085c00000| Untracked 
|  73|0x0000000085d00000, 0x0000000085d00000, 0x0000000085e00000|  0%| F|  |TAMS 0x0000000085d00000, 0x0000000085d00000| Untracked 
|  74|0x0000000085e00000, 0x0000000085e00000, 0x0000000085f00000|  0%| F|  |TAMS 0x0000000085e00000, 0x0000000085e00000| Untracked 
|  75|0x0000000085f00000, 0x0000000085f00000, 0x0000000086000000|  0%| F|  |TAMS 0x0000000085f00000, 0x0000000085f00000| Untracked 
|  76|0x0000000086000000, 0x0000000086000000, 0x0000000086100000|  0%| F|  |TAMS 0x0000000086000000, 0x0000000086000000| Untracked 
|  77|0x0000000086100000, 0x0000000086100000, 0x0000000086200000|  0%| F|  |TAMS 0x0000000086100000, 0x0000000086100000| Untracked 
|  78|0x0000000086200000, 0x0000000086200000, 0x0000000086300000|  0%| F|  |TAMS 0x0000000086200000, 0x0000000086200000| Untracked 
|  79|0x0000000086300000, 0x0000000086300000, 0x0000000086400000|  0%| F|  |TAMS 0x0000000086300000, 0x0000000086300000| Untracked 
|  80|0x0000000086400000, 0x0000000086400000, 0x0000000086500000|  0%| F|  |TAMS 0x0000000086400000, 0x0000000086400000| Untracked 
|  81|0x0000000086500000, 0x0000000086500000, 0x0000000086600000|  0%| F|  |TAMS 0x0000000086500000, 0x0000000086500000| Untracked 
|  82|0x0000000086600000, 0x0000000086600000, 0x0000000086700000|  0%| F|  |TAMS 0x0000000086600000, 0x0000000086600000| Untracked 
|  83|0x0000000086700000, 0x0000000086700000, 0x0000000086800000|  0%| F|  |TAMS 0x0000000086700000, 0x0000000086700000| Untracked 
|  84|0x0000000086800000, 0x0000000086800000, 0x0000000086900000|  0%| F|  |TAMS 0x0000000086800000, 0x0000000086800000| Untracked 
|  85|0x0000000086900000, 0x0000000086900000, 0x0000000086a00000|  0%| F|  |TAMS 0x0000000086900000, 0x0000000086900000| Untracked 
|  86|0x0000000086a00000, 0x0000000086a00000, 0x0000000086b00000|  0%| F|  |TAMS 0x0000000086a00000, 0x0000000086a00000| Untracked 
|  87|0x0000000086b00000, 0x0000000086b00000, 0x0000000086c00000|  0%| F|  |TAMS 0x0000000086b00000, 0x0000000086b00000| Untracked 
|  88|0x0000000086c00000, 0x0000000086c00000, 0x0000000086d00000|  0%| F|  |TAMS 0x0000000086c00000, 0x0000000086c00000| Untracked 
|  89|0x0000000086d00000, 0x0000000086d00000, 0x0000000086e00000|  0%| F|  |TAMS 0x0000000086d00000, 0x0000000086d00000| Untracked 
|  90|0x0000000086e00000, 0x0000000086e00000, 0x0000000086f00000|  0%| F|  |TAMS 0x0000000086e00000, 0x0000000086e00000| Untracked 
|  91|0x0000000086f00000, 0x0000000086f00000, 0x0000000087000000|  0%| F|  |TAMS 0x0000000086f00000, 0x0000000086f00000| Untracked 
|  92|0x0000000087000000, 0x0000000087000000, 0x0000000087100000|  0%| F|  |TAMS 0x0000000087000000, 0x0000000087000000| Untracked 
|  93|0x0000000087100000, 0x0000000087100000, 0x0000000087200000|  0%| F|  |TAMS 0x0000000087100000, 0x0000000087100000| Untracked 
|  94|0x0000000087200000, 0x0000000087200000, 0x0000000087300000|  0%| F|  |TAMS 0x0000000087200000, 0x0000000087200000| Untracked 
|  95|0x0000000087300000, 0x0000000087300000, 0x0000000087400000|  0%| F|  |TAMS 0x0000000087300000, 0x0000000087300000| Untracked 
|  96|0x0000000087400000, 0x0000000087400000, 0x0000000087500000|  0%| F|  |TAMS 0x0000000087400000, 0x0000000087400000| Untracked 
|  97|0x0000000087500000, 0x0000000087500000, 0x0000000087600000|  0%| F|  |TAMS 0x0000000087500000, 0x0000000087500000| Untracked 
|  98|0x0000000087600000, 0x0000000087600000, 0x0000000087700000|  0%| F|  |TAMS 0x0000000087600000, 0x0000000087600000| Untracked 
|  99|0x0000000087700000, 0x0000000087700000, 0x0000000087800000|  0%| F|  |TAMS 0x0000000087700000, 0x0000000087700000| Untracked 
| 100|0x0000000087800000, 0x0000000087800000, 0x0000000087900000|  0%| F|  |TAMS 0x0000000087800000, 0x0000000087800000| Untracked 
| 101|0x0000000087900000, 0x0000000087900000, 0x0000000087a00000|  0%| F|  |TAMS 0x0000000087900000, 0x0000000087900000| Untracked 
| 102|0x0000000087a00000, 0x0000000087a00000, 0x0000000087b00000|  0%| F|  |TAMS 0x0000000087a00000, 0x0000000087a00000| Untracked 
| 103|0x0000000087b00000, 0x0000000087b00000, 0x0000000087c00000|  0%| F|  |TAMS 0x0000000087b00000, 0x0000000087b00000| Untracked 
| 104|0x0000000087c00000, 0x0000000087c00000, 0x0000000087d00000|  0%| F|  |TAMS 0x0000000087c00000, 0x0000000087c00000| Untracked 
| 105|0x0000000087d00000, 0x0000000087d00000, 0x0000000087e00000|  0%| F|  |TAMS 0x0000000087d00000, 0x0000000087d00000| Untracked 
| 106|0x0000000087e00000, 0x0000000087e00000, 0x0000000087f00000|  0%| F|  |TAMS 0x0000000087e00000, 0x0000000087e00000| Untracked 
| 107|0x0000000087f00000, 0x0000000087f00000, 0x0000000088000000|  0%| F|  |TAMS 0x0000000087f00000, 0x0000000087f00000| Untracked 
| 108|0x0000000088000000, 0x0000000088000000, 0x0000000088100000|  0%| F|  |TAMS 0x0000000088000000, 0x0000000088000000| Untracked 
| 109|0x0000000088100000, 0x0000000088100000, 0x0000000088200000|  0%| F|  |TAMS 0x0000000088100000, 0x0000000088100000| Untracked 
| 110|0x0000000088200000, 0x0000000088200000, 0x0000000088300000|  0%| F|  |TAMS 0x0000000088200000, 0x0000000088200000| Untracked 
| 111|0x0000000088300000, 0x00000000883776d8, 0x0000000088400000| 46%| E|  |TAMS 0x0000000088300000, 0x0000000088300000| Complete 
| 112|0x0000000088400000, 0x0000000088500000, 0x0000000088500000|100%| E|CS|TAMS 0x0000000088400000, 0x0000000088400000| Complete 
| 113|0x0000000088500000, 0x0000000088600000, 0x0000000088600000|100%| E|CS|TAMS 0x0000000088500000, 0x0000000088500000| Complete 
| 114|0x0000000088600000, 0x0000000088700000, 0x0000000088700000|100%| E|CS|TAMS 0x0000000088600000, 0x0000000088600000| Complete 
| 115|0x0000000088700000, 0x0000000088800000, 0x0000000088800000|100%| E|CS|TAMS 0x0000000088700000, 0x0000000088700000| Complete 
| 116|0x0000000088800000, 0x0000000088900000, 0x0000000088900000|100%| E|CS|TAMS 0x0000000088800000, 0x0000000088800000| Complete 
| 117|0x0000000088900000, 0x00000000889a05c0, 0x0000000088a00000| 62%| S|CS|TAMS 0x0000000088900000, 0x0000000088900000| Complete 
| 118|0x0000000088a00000, 0x0000000088b00000, 0x0000000088b00000|100%| E|CS|TAMS 0x0000000088a00000, 0x0000000088a00000| Complete 
| 119|0x0000000088b00000, 0x0000000088c00000, 0x0000000088c00000|100%| E|CS|TAMS 0x0000000088b00000, 0x0000000088b00000| Complete 
| 120|0x0000000088c00000, 0x0000000088d00000, 0x0000000088d00000|100%| E|CS|TAMS 0x0000000088c00000, 0x0000000088c00000| Complete 
| 121|0x0000000088d00000, 0x0000000088e00000, 0x0000000088e00000|100%| E|CS|TAMS 0x0000000088d00000, 0x0000000088d00000| Complete 
| 122|0x0000000088e00000, 0x0000000088f00000, 0x0000000088f00000|100%| E|CS|TAMS 0x0000000088e00000, 0x0000000088e00000| Complete 
| 123|0x0000000088f00000, 0x0000000089000000, 0x0000000089000000|100%| E|CS|TAMS 0x0000000088f00000, 0x0000000088f00000| Complete 
| 124|0x0000000089000000, 0x0000000089100000, 0x0000000089100000|100%| E|CS|TAMS 0x0000000089000000, 0x0000000089000000| Complete 
| 125|0x0000000089100000, 0x0000000089200000, 0x0000000089200000|100%| E|CS|TAMS 0x0000000089100000, 0x0000000089100000| Complete 
| 126|0x0000000089200000, 0x0000000089300000, 0x0000000089300000|100%| E|CS|TAMS 0x0000000089200000, 0x0000000089200000| Complete 
| 127|0x0000000089300000, 0x0000000089400000, 0x0000000089400000|100%| E|CS|TAMS 0x0000000089300000, 0x0000000089300000| Complete 

Card table byte_map: [0x00000173e42c0000,0x00000173e46c0000] _byte_map_base: 0x00000173e3eb6000

Marking Bits (Prev, Next): (CMBitMap*) 0x00000173cd781550, (CMBitMap*) 0x00000173cd781590
 Prev Bits: [0x00000173e4ac0000, 0x00000173e6a70000)
 Next Bits: [0x00000173e6a70000, 0x00000173e8a20000)

Polling page: 0x00000173cb600000

Metaspace:

Usage:
  Non-class:      5.66 MB used.
      Class:    736.74 KB used.
       Both:      6.37 MB used.

Virtual space:
  Non-class space:        8.00 MB reserved,       5.75 MB ( 72%) committed,  1 nodes.
      Class space:        1.00 GB reserved,     832.00 KB ( <1%) committed,  1 nodes.
              Both:        1.01 GB reserved,       6.56 MB ( <1%) committed. 

Chunk freelists:
   Non-Class:  432.00 KB
       Class:  3.17 MB
        Both:  3.59 MB

MaxMetaspaceSize: 17179869184.00 GB
CompressedClassSpaceSize: 1.00 GB
 - commit_granule_bytes: 65536.
 - commit_granule_words: 8192.
 - virtual_space_node_default_size: 1048576.
 - enlarge_chunks_in_place: 1.
 - new_chunks_are_fully_committed: 0.
 - uncommit_free_chunks: 1.
 - use_allocation_guard: 0.
 - handle_deallocations: 1.


Internal statistics:

num_allocs_failed_limit: 0.
num_arena_births: 22.
num_arena_deaths: 0.
num_vsnodes_births: 2.
num_vsnodes_deaths: 0.
num_space_committed: 105.
num_space_uncommitted: 0.
num_chunks_returned_to_freelist: 0.
num_chunks_taken_from_freelist: 205.
num_chunk_merges: 0.
num_chunk_splits: 152.
num_chunks_enlarged: 128.
num_purges: 0.

CodeHeap 'non-profiled nmethods': size=120000Kb used=477Kb max_used=477Kb free=119522Kb
 bounds [0x00000173dc990000, 0x00000173dcc00000, 0x00000173e3ec0000]
CodeHeap 'profiled nmethods': size=120000Kb used=2584Kb max_used=2584Kb free=117415Kb
 bounds [0x00000173d5460000, 0x00000173d56f0000, 0x00000173dc990000]
CodeHeap 'non-nmethods': size=5760Kb used=1159Kb max_used=1189Kb free=4600Kb
 bounds [0x00000173d4ec0000, 0x00000173d5130000, 0x00000173d5460000]
 total_blobs=1733 nmethods=1287 adapters=359
 compilation: enabled
              stopped_count=0, restarted_count=0
 full_count=0

Compilation events (20 events):
Event: 21.570 Thread 0x00000173eaeab000 nmethod 1278 0x00000173d56ded90 code [0x00000173d56defc0, 0x00000173d56dfa08]
Event: 21.574 Thread 0x00000173eaeab000 1280       3       java.util.ArrayList::rangeCheckForAdd (26 bytes)
Event: 21.575 Thread 0x00000173eaeab000 nmethod 1280 0x00000173d56dfc90 code [0x00000173d56dfee0, 0x00000173d56e0588]
Event: 21.575 Thread 0x00000173eaeab000 1281       3       java.lang.Class::annotationData (44 bytes)
Event: 21.576 Thread 0x00000173eaeab000 nmethod 1281 0x00000173d56e0890 code [0x00000173d56e0a60, 0x00000173d56e0d58]
Event: 21.581 Thread 0x00000173eaeab000 1282       3       java.util.ArrayList::add (65 bytes)
Event: 21.581 Thread 0x00000173eaeab000 nmethod 1282 0x00000173d56e0e90 code [0x00000173d56e10a0, 0x00000173d56e1758]
Event: 21.583 Thread 0x00000173eaeab000 1283       3       com.google.inject.spi.Elements$RecordingBinder::bind (23 bytes)
Event: 21.583 Thread 0x00000173eaeab000 nmethod 1283 0x00000173d56e1a10 code [0x00000173d56e1be0, 0x00000173d56e1e28]
Event: 21.583 Thread 0x00000173eaeab000 1284       3       com.google.inject.internal.MoreTypes::canonicalizeKey (57 bytes)
Event: 21.585 Thread 0x00000173eaeab000 nmethod 1284 0x00000173d56e1f90 code [0x00000173d56e22c0, 0x00000173d56e3678]
Event: 21.593 Thread 0x00000173eaeab000 1286   !   3       jdk.internal.loader.URLClassPath::check (125 bytes)
Event: 21.594 Thread 0x00000173eaeab000 nmethod 1286 0x00000173d56e3d10 code [0x00000173d56e3fc0, 0x00000173d56e5028]
Event: 21.596 Thread 0x00000173eaeab000 1287  s    3       java.util.Hashtable::get (69 bytes)
Event: 21.596 Thread 0x00000173eaeab000 nmethod 1287 0x00000173d56e5490 code [0x00000173d56e5680, 0x00000173d56e5bd8]
Event: 21.598 Thread 0x00000173eaea7bd0 nmethod 1279 0x00000173dca06d90 code [0x00000173dca06f20, 0x00000173dca07298]
Event: 21.598 Thread 0x00000173eaea7bd0 1285       4       java.nio.DirectByteBufferR::slice (66 bytes)
Event: 21.601 Thread 0x00000173eaeab000 1288       3       java.util.concurrent.atomic.AtomicInteger::incrementAndGet (14 bytes)
Event: 21.601 Thread 0x00000173eaeab000 nmethod 1288 0x00000173d56e5d90 code [0x00000173d56e5f20, 0x00000173d56e6038]
Event: 21.607 Thread 0x00000173eaeab000 1289       3       sun.nio.fs.WindowsPathParser::parse (384 bytes)

GC Heap History (4 events):
Event: 8.781 GC heap before
{Heap before GC invocations=0 (full 0):
 garbage-first heap   total 131072K, used 13312K [0x0000000081400000, 0x0000000100000000)
  region size 1024K, 13 young (13312K), 0 survivors (0K)
 Metaspace       used 3450K, committed 3584K, reserved 1056768K
  class space    used 322K, committed 384K, reserved 1048576K
}
Event: 8.814 GC heap after
{Heap after GC invocations=1 (full 0):
 garbage-first heap   total 131072K, used 3357K [0x0000000081400000, 0x0000000100000000)
  region size 1024K, 2 young (2048K), 2 survivors (2048K)
 Metaspace       used 3450K, committed 3584K, reserved 1056768K
  class space    used 322K, committed 384K, reserved 1048576K
}
Event: 17.911 GC heap before
{Heap before GC invocations=1 (full 0):
 garbage-first heap   total 131072K, used 13597K [0x0000000081400000, 0x0000000100000000)
  region size 1024K, 12 young (12288K), 2 survivors (2048K)
 Metaspace       used 5092K, committed 5248K, reserved 1056768K
  class space    used 561K, committed 640K, reserved 1048576K
}
Event: 17.918 GC heap after
{Heap after GC invocations=2 (full 0):
 garbage-first heap   total 131072K, used 4051K [0x0000000081400000, 0x0000000100000000)
  region size 1024K, 1 young (1024K), 1 survivors (1024K)
 Metaspace       used 5092K, committed 5248K, reserved 1056768K
  class space    used 561K, committed 640K, reserved 1048576K
}

Deoptimization events (20 events):
Event: 18.124 Thread 0x00000173cd741000 DEOPT PACKING pc=0x00000173dc9ea474 sp=0x00000018bb9fdb60
Event: 18.125 Thread 0x00000173cd741000 DEOPT UNPACKING pc=0x00000173d4f0d72e sp=0x00000018bb9fdac8 mode 2
Event: 18.156 Thread 0x00000173cd741000 Uncommon trap: trap_request=0xffffffc6 fr.pc=0x00000173dc9ea474 relative=0x00000000000002b4
Event: 18.156 Thread 0x00000173cd741000 Uncommon trap: reason=bimorphic_or_optimized_type_check action=maybe_recompile pc=0x00000173dc9ea474 method=java.util.HashMap.getNode(Ljava/lang/Object;)Ljava/util/HashMap$Node; @ 128 c2
Event: 18.156 Thread 0x00000173cd741000 DEOPT PACKING pc=0x00000173dc9ea474 sp=0x00000018bb9fdb60
Event: 18.156 Thread 0x00000173cd741000 DEOPT UNPACKING pc=0x00000173d4f0d72e sp=0x00000018bb9fdac8 mode 2
Event: 18.352 Thread 0x00000173cd741000 Uncommon trap: trap_request=0xffffffc6 fr.pc=0x00000173dc9ea474 relative=0x00000000000002b4
Event: 18.352 Thread 0x00000173cd741000 Uncommon trap: reason=bimorphic_or_optimized_type_check action=maybe_recompile pc=0x00000173dc9ea474 method=java.util.HashMap.getNode(Ljava/lang/Object;)Ljava/util/HashMap$Node; @ 128 c2
Event: 18.352 Thread 0x00000173cd741000 DEOPT PACKING pc=0x00000173dc9ea474 sp=0x00000018bb9fdb60
Event: 18.352 Thread 0x00000173cd741000 DEOPT UNPACKING pc=0x00000173d4f0d72e sp=0x00000018bb9fdac8 mode 2
Event: 19.317 Thread 0x00000173cd741000 Uncommon trap: trap_request=0xffffffc6 fr.pc=0x00000173dc9ea474 relative=0x00000000000002b4
Event: 19.317 Thread 0x00000173cd741000 Uncommon trap: reason=bimorphic_or_optimized_type_check action=maybe_recompile pc=0x00000173dc9ea474 method=java.util.HashMap.getNode(Ljava/lang/Object;)Ljava/util/HashMap$Node; @ 128 c2
Event: 19.317 Thread 0x00000173cd741000 DEOPT PACKING pc=0x00000173dc9ea474 sp=0x00000018bb9fda20
Event: 19.317 Thread 0x00000173cd741000 DEOPT UNPACKING pc=0x00000173d4f0d72e sp=0x00000018bb9fd988 mode 2
Event: 21.425 Thread 0x00000173cd741000 Uncommon trap: trap_request=0xffffff45 fr.pc=0x00000173dc9ff2fc relative=0x00000000000004bc
Event: 21.425 Thread 0x00000173cd741000 Uncommon trap: reason=unstable_if action=reinterpret pc=0x00000173dc9ff2fc method=java.lang.String.<init>([CIILjava/lang/Void;)V @ 5 c2
Event: 21.425 Thread 0x00000173cd741000 DEOPT PACKING pc=0x00000173dc9ff2fc sp=0x00000018bb9fdca0
Event: 21.425 Thread 0x00000173cd741000 DEOPT UNPACKING pc=0x00000173d4f0d72e sp=0x00000018bb9fdb38 mode 2
Event: 21.451 Thread 0x00000173cd741000 DEOPT PACKING pc=0x00000173d54e24e8 sp=0x00000018bb9fd280
Event: 21.451 Thread 0x00000173cd741000 DEOPT UNPACKING pc=0x00000173d4f0dece sp=0x00000018bb9fc6e0 mode 0

Classes unloaded (0 events):
No events

Classes redefined (0 events):
No events

Internal exceptions (2 events):
Event: 5.336 Thread 0x00000173cd741000 Exception <a 'java/lang/NoSuchMethodError'{0x00000000889c2c90}: 'void java.lang.invoke.DirectMethodHandle$Holder.invokeSpecial(java.lang.Object, java.lang.Object, java.lang.Object)'> (0x00000000889c2c90) 
thrown [t:\workspace\open\src\hotspot\share\interpreter\linkResolver.cpp, line 790]
Event: 15.599 Thread 0x00000173cd741000 Exception <a 'java/lang/NoSuchMethodError'{0x000000008904a8e0}: 'java.lang.Object java.lang.invoke.DirectMethodHandle$Holder.newInvokeSpecial(java.lang.Object, java.lang.Object, java.lang.Object, java.lang.Object, java.lang.Object)'> (0x000000008904a8e0) 
thrown [t:\workspace\open\src\hotspot\share\interpreter\linkResolver.cpp, line 790]

Events (20 events):
Event: 21.177 loading class jdk/internal/reflect/ByteVectorImpl
Event: 21.178 loading class jdk/internal/reflect/ByteVector
Event: 21.178 loading class jdk/internal/reflect/ByteVector done
Event: 21.178 loading class jdk/internal/reflect/ByteVectorImpl done
Event: 21.178 loading class jdk/internal/reflect/ClassFileAssembler
Event: 21.178 loading class jdk/internal/reflect/ClassFileAssembler done
Event: 21.178 loading class jdk/internal/reflect/UTF8
Event: 21.276 loading class jdk/internal/reflect/UTF8 done
Event: 21.277 loading class jdk/internal/reflect/Label
Event: 21.278 loading class jdk/internal/reflect/Label done
Event: 21.278 loading class jdk/internal/reflect/Label$PatchInfo
Event: 21.278 loading class jdk/internal/reflect/Label$PatchInfo done
Event: 21.278 loading class jdk/internal/reflect/MethodAccessorGenerator$1
Event: 21.278 loading class jdk/internal/reflect/MethodAccessorGenerator$1 done
Event: 21.279 loading class jdk/internal/reflect/ClassDefiner
Event: 21.279 loading class jdk/internal/reflect/ClassDefiner done
Event: 21.279 loading class jdk/internal/reflect/ClassDefiner$1
Event: 21.279 loading class jdk/internal/reflect/ClassDefiner$1 done
Event: 21.279 loading class jdk/internal/reflect/BootstrapConstructorAccessorImpl
Event: 21.279 loading class jdk/internal/reflect/BootstrapConstructorAccessorImpl done


Dynamic libraries:
0x00007ff794b90000 - 0x00007ff794ba0000 	C:\Program Files\Java\jdk-16.0.1\bin\java.exe
0x00007ff8553d0000 - 0x00007ff8555c5000 	C:\WINDOWS\SYSTEM32\ntdll.dll
0x00007ff853e60000 - 0x00007ff853f1d000 	C:\WINDOWS\System32\KERNEL32.DLL
0x00007ff852e60000 - 0x00007ff853128000 	C:\WINDOWS\System32\KERNELBASE.dll
0x00007ff853130000 - 0x00007ff853230000 	C:\WINDOWS\System32\ucrtbase.dll
0x00007ff83ff30000 - 0x00007ff83ff48000 	C:\Program Files\Java\jdk-16.0.1\bin\jli.dll
0x00007ff854370000 - 0x00007ff85441c000 	C:\WINDOWS\System32\ADVAPI32.dll
0x00007ff853bb0000 - 0x00007ff853c4e000 	C:\WINDOWS\System32\msvcrt.dll
0x00007ff854480000 - 0x00007ff85451b000 	C:\WINDOWS\System32\sechost.dll
0x00007ff854520000 - 0x00007ff85464b000 	C:\WINDOWS\System32\RPCRT4.dll
0x00007ff854690000 - 0x00007ff854830000 	C:\WINDOWS\System32\USER32.dll
0x00007ff83ff10000 - 0x00007ff83ff29000 	C:\Program Files\Java\jdk-16.0.1\bin\VCRUNTIME140.dll
0x00007ff852c80000 - 0x00007ff852ca2000 	C:\WINDOWS\System32\win32u.dll
0x00007ff853b80000 - 0x00007ff853baa000 	C:\WINDOWS\System32\GDI32.dll
0x00007ff852d50000 - 0x00007ff852e5b000 	C:\WINDOWS\System32\gdi32full.dll
0x00007ff852cb0000 - 0x00007ff852d4d000 	C:\WINDOWS\System32\msvcp_win.dll
0x00007ff851ed0000 - 0x00007ff85216a000 	C:\WINDOWS\WinSxS\amd64_microsoft.windows.common-controls_6595b64144ccf1df_6.0.19041.1052_none_60b8f8fd71f5e8cb\COMCTL32.dll
0x00007ff848b10000 - 0x00007ff848b1a000 	C:\WINDOWS\SYSTEM32\VERSION.dll
0x00007ff854650000 - 0x00007ff854680000 	C:\WINDOWS\System32\IMM32.DLL
0x00007ff84bc60000 - 0x00007ff84bc6c000 	C:\Program Files\Java\jdk-16.0.1\bin\vcruntime140_1.dll
0x00007ff83efe0000 - 0x00007ff83f071000 	C:\Program Files\Java\jdk-16.0.1\bin\msvcp140.dll
0x00007ff801ae0000 - 0x00007ff80268b000 	C:\Program Files\Java\jdk-16.0.1\bin\server\jvm.dll
0x00007ff8541b0000 - 0x00007ff8541b8000 	C:\WINDOWS\System32\PSAPI.DLL
0x00007ff84cfa0000 - 0x00007ff84cfa9000 	C:\WINDOWS\SYSTEM32\WSOCK32.dll
0x00007ff854140000 - 0x00007ff8541ab000 	C:\WINDOWS\System32\WS2_32.dll
0x00007ff844ca0000 - 0x00007ff844cc7000 	C:\WINDOWS\SYSTEM32\WINMM.dll
0x00007ff851140000 - 0x00007ff851152000 	C:\WINDOWS\SYSTEM32\kernel.appcore.dll
0x00007ff84ba40000 - 0x00007ff84ba4a000 	C:\Program Files\Java\jdk-16.0.1\bin\jimage.dll
0x00007ff852590000 - 0x00007ff852774000 	C:\WINDOWS\SYSTEM32\DBGHELP.DLL
0x00007ff8522f0000 - 0x00007ff85231c000 	C:\WINDOWS\SYSTEM32\dbgcore.DLL
0x00007ff852bf0000 - 0x00007ff852c73000 	C:\WINDOWS\System32\bcryptPrimitives.dll
0x00007ff83f190000 - 0x00007ff83f1b5000 	C:\Program Files\Java\jdk-16.0.1\bin\java.dll
0x00007ff853440000 - 0x00007ff853b7f000 	C:\WINDOWS\System32\SHELL32.dll
0x00007ff8503e0000 - 0x00007ff850b70000 	C:\WINDOWS\SYSTEM32\windows.storage.dll
0x00007ff855030000 - 0x00007ff855385000 	C:\WINDOWS\System32\combase.dll
0x00007ff851e30000 - 0x00007ff851e5c000 	C:\WINDOWS\SYSTEM32\Wldp.dll
0x00007ff854830000 - 0x00007ff8548de000 	C:\WINDOWS\System32\SHCORE.dll
0x00007ff854ea0000 - 0x00007ff854ef5000 	C:\WINDOWS\System32\shlwapi.dll
0x00007ff852a50000 - 0x00007ff852a6f000 	C:\WINDOWS\SYSTEM32\profapi.dll
0x00007ff845cc0000 - 0x00007ff845cd9000 	C:\Program Files\Java\jdk-16.0.1\bin\net.dll
0x00007ff848760000 - 0x00007ff84886b000 	C:\WINDOWS\SYSTEM32\WINHTTP.dll
0x00007ff851bc0000 - 0x00007ff851c2a000 	C:\WINDOWS\system32\mswsock.dll
0x00007ff83f320000 - 0x00007ff83f333000 	C:\Program Files\Java\jdk-16.0.1\bin\nio.dll
0x00007ff83f300000 - 0x00007ff83f318000 	C:\Program Files\Java\jdk-16.0.1\bin\zip.dll
0x00007ff84c0a0000 - 0x00007ff84c0b0000 	C:\Program Files\Java\jdk-16.0.1\bin\verify.dll
0x00007ff84dcf0000 - 0x00007ff84dcfa000 	C:\Program Files\apache-maven-3.8.1-bin\apache-maven-3.8.1\lib\jansi-native\windows64\jansi.dll

dbghelp: loaded successfully - version: 4.0.5 - missing functions: none
symbol engine: initialized successfully - sym options: 0x614 - pdb path: .;C:\Program Files\Java\jdk-16.0.1\bin;C:\WINDOWS\SYSTEM32;C:\WINDOWS\WinSxS\amd64_microsoft.windows.common-controls_6595b64144ccf1df_6.0.19041.1052_none_60b8f8fd71f5e8cb;C:\Program Files\Java\jdk-16.0.1\bin\server;C:\Program Files\apache-maven-3.8.1-bin\apache-maven-3.8.1\lib\jansi-native\windows64

VM Arguments:
jvm_args: -Dclassworlds.conf=C:\Program Files\apache-maven-3.8.1-bin\apache-maven-3.8.1\bin\..\bin\m2.conf -Dmaven.home=C:\Program Files\apache-maven-3.8.1-bin\apache-maven-3.8.1\bin\.. -Dlibrary.jansi.path=C:\Program Files\apache-maven-3.8.1-bin\apache-maven-3.8.1\bin\..\lib\jansi-native -Dmaven.multiModuleProjectDirectory=C:\Users\Ramya\Downloads\ReskillProject-master\ReskillProject-master\ProductMS 
java_command: org.codehaus.plexus.classworlds.launcher.Launcher clean package sonar:sonar -Dsonar.host.url=https://sonarcloud.io -Dsonar.organization=ramyakovida -Dsonar.login=b31bfe597e87bcbb17949db5eca42fa5202ca168
java_class_path (initial): C:\Program Files\apache-maven-3.8.1-bin\apache-maven-3.8.1\bin\..\boot\plexus-classworlds-2.6.0.jar
Launcher Type: SUN_STANDARD

[Global flags]
     intx CICompilerCount                          = 3                                         {product} {ergonomic}
     uint ConcGCThreads                            = 1                                         {product} {ergonomic}
     uint G1ConcRefinementThreads                  = 4                                         {product} {ergonomic}
   size_t G1HeapRegionSize                         = 1048576                                   {product} {ergonomic}
    uintx GCDrainStackTargetSize                   = 64                                        {product} {ergonomic}
   size_t InitialHeapSize                          = 134217728                                 {product} {ergonomic}
   size_t MarkStackSize                            = 4194304                                   {product} {ergonomic}
   size_t MaxHeapSize                              = 2126512128                                {product} {ergonomic}
   size_t MaxNewSize                               = 1275068416                                {product} {ergonomic}
   size_t MinHeapDeltaBytes                        = 1048576                                   {product} {ergonomic}
   size_t MinHeapSize                              = 8388608                                   {product} {ergonomic}
    uintx NonNMethodCodeHeapSize                   = 5832780                                {pd product} {ergonomic}
    uintx NonProfiledCodeHeapSize                  = 122912730                              {pd product} {ergonomic}
    uintx ProfiledCodeHeapSize                     = 122912730                              {pd product} {ergonomic}
    uintx ReservedCodeCacheSize                    = 251658240                              {pd product} {ergonomic}
     bool SegmentedCodeCache                       = true                                      {product} {ergonomic}
   size_t SoftMaxHeapSize                          = 2126512128                             {manageable} {ergonomic}
     bool UseCompressedClassPointers               = true                           {product lp64_product} {ergonomic}
     bool UseCompressedOops                        = true                           {product lp64_product} {ergonomic}
     bool UseG1GC                                  = true                                      {product} {ergonomic}
     bool UseLargePagesIndividualAllocation        = false                                  {pd product} {ergonomic}

Logging:
Log output configuration:
 #0: stdout all=warning uptime,level,tags
 #1: stderr all=off uptime,level,tags

Environment Variables:
JAVA_HOME=C:\Program Files\Java\jdk-16.0.1
PATH=C:\Program Files\apache-maven-3.8.1-bin\apache-maven-3.8.1\bin;C:\Program Files\Common Files\Oracle\Java\javapath;C:\Program Files (x86)\Intel\iCLS Client\;C:\Program Files\Intel\iCLS Client\;C:\WINDOWS\system32;C:\WINDOWS;C:\WINDOWS\System32\Wbem;C:\WINDOWS\System32\WindowsPowerShell\v1.0\;C:\Program Files (x86)\Intel\Intel(R) Management Engine Components\DAL;C:\Program Files\Intel\Intel(R) Management Engine Components\DAL;C:\Program Files (x86)\Intel\Intel(R) Management Engine Components\IPT;C:\Program Files\Intel\Intel(R) Management Engine Components\IPT;C:\WINDOWS\System32\OpenSSH\;C:\Program Files\PuTTY\;C:\Program Files\Git\cmd;C:\Program Files\Java\jdk-16.0.1\bin;C:\Program Files\apache-maven-3.8.1-bin\apache-maven-3.8.1\bin;%JAVA_HOME%\bin;C:\Program Files\apache-maven-3.8.1-bin\apache-maven-3.8.1\bin;C:\Program Files\Common Files\Oracle\Java\javapath;C:\Program Files (x86)\Intel\iCLS Client\;C:\Program Files\Intel\iCLS Client\;C:\WINDOWS\system32;C:\WINDOWS;C:\WINDOWS\System32\Wbem;C:\WINDOWS\System32\WindowsPowerShell\v1.0\;C:\Program Files (x86)\Intel\Intel(R) Management Engine Components\DAL;C:\Program Files\Intel\Intel(R) Management Engine Components\DAL;C:\Program Files (x86)\Intel\Intel(R) Management Engine Components\IPT;C:\Program Files\Intel\Intel(R) Management Engine Components\IPT;C:\WINDOWS\System32\OpenSSH\;C:\Program Files\PuTTY\;C:\Program Files\Git\cmd;C:\Program Files\MySQL\MySQL Shell 8.0\bin\;C:\Users\Ramya\AppData\Local\Microsoft\WindowsApps;C:\Users\Ramya\AppData\Local\Programs\Microsoft VS Code\bin;C:\Program Files\Java\jdk-16.0.1\bin;
USERNAME=Ramya
OS=Windows_NT
PROCESSOR_IDENTIFIER=Intel64 Family 6 Model 142 Stepping 9, GenuineIntel



---------------  S Y S T E M  ---------------

OS:
 Windows 10 , 64 bit Build 19041 (10.0.19041.1023)
OS uptime: 0 days 2:59 hours

CPU: total 4 (initial active 4) (2 cores per cpu, 2 threads per core) family 6 model 142 stepping 9 microcode 0xde, cx8, cmov, fxsr, ht, mmx, 3dnowpref, sse, sse2, sse3, ssse3, sse4.1, sse4.2, popcnt, lzcnt, tsc, tscinvbit, avx, avx2, aes, erms, clmul, bmi1, bmi2, adx, fma, vzeroupper, clflush, clflushopt

Memory: 4k page, system-wide physical 8108M (334M free)
TotalPageFile size 32684M (AvailPageFile size 8M)
current process WorkingSet (physical memory assigned to process): 68M, peak: 68M
current process commit charge ("private bytes"): 214M, peak: 215M

vm_info: Java HotSpot(TM) 64-Bit Server VM (16.0.1+9-24) for windows-amd64 JRE (16.0.1+9-24), built on Mar 26 2021 19:31:42 by "mach5one" with MS VC++ 16.7 (VS2019)

END.
